{"/mnt/wsl/PHYSICALDRIVE1/Alura/PrimeiraBiblioteca/dist/cli.js": {"path":"/mnt/wsl/PHYSICALDRIVE1/Alura/PrimeiraBiblioteca/dist/cli.js","statementMap":{"0":{"start":{"line":10,"column":19},"end":{"line":10,"column":38}},"1":{"start":{"line":11,"column":4},"end":{"line":14,"column":null}},"2":{"start":{"line":12,"column":8},"end":{"line":12,"column":null}},"3":{"start":{"line":13,"column":8},"end":{"line":13,"column":null}},"4":{"start":{"line":15,"column":4},"end":{"line":15,"column":null}},"5":{"start":{"line":18,"column":20},"end":{"line":18,"column":33}},"6":{"start":{"line":19,"column":4},"end":{"line":49,"column":null}},"7":{"start":{"line":26,"column":55},"end":{"line":26,"column":62}},"8":{"start":{"line":27,"column":8},"end":{"line":31,"column":null}},"9":{"start":{"line":28,"column":12},"end":{"line":28,"column":null}},"10":{"start":{"line":29,"column":12},"end":{"line":29,"column":null}},"11":{"start":{"line":30,"column":12},"end":{"line":30,"column":null}},"12":{"start":{"line":32,"column":31},"end":{"line":32,"column":77}},"13":{"start":{"line":33,"column":31},"end":{"line":33,"column":77}},"14":{"start":{"line":34,"column":29},"end":{"line":34,"column":48}},"15":{"start":{"line":35,"column":31},"end":{"line":35,"column":52}},"16":{"start":{"line":36,"column":8},"end":{"line":48,"column":null}},"17":{"start":{"line":37,"column":12},"end":{"line":37,"column":null}},"18":{"start":{"line":38,"column":12},"end":{"line":38,"column":null}},"19":{"start":{"line":39,"column":12},"end":{"line":39,"column":null}},"20":{"start":{"line":42,"column":12},"end":{"line":47,"column":null}},"21":{"start":{"line":43,"column":15},"end":{"line":43,"column":null}},"22":{"start":{"line":46,"column":16},"end":{"line":46,"column":null}},"23":{"start":{"line":50,"column":4},"end":{"line":50,"column":null}},"24":{"start":{"line":52,"column":23},"end":{"line":52,"column":37}},"25":{"start":{"line":53,"column":0},"end":{"line":55,"column":null}},"26":{"start":{"line":54,"column":4},"end":{"line":54,"column":null}},"27":{"start":{"line":57,"column":4},"end":{"line":59,"column":null}},"28":{"start":{"line":58,"column":8},"end":{"line":58,"column":null}},"29":{"start":{"line":60,"column":4},"end":{"line":65,"column":null}},"30":{"start":{"line":61,"column":8},"end":{"line":61,"column":null}},"31":{"start":{"line":64,"column":8},"end":{"line":64,"column":null}},"32":{"start":{"line":66,"column":23},"end":{"line":66,"column":59}},"33":{"start":{"line":67,"column":4},"end":{"line":69,"column":null}},"34":{"start":{"line":68,"column":8},"end":{"line":68,"column":null}},"35":{"start":{"line":70,"column":4},"end":{"line":75,"column":null}},"36":{"start":{"line":71,"column":8},"end":{"line":71,"column":null}},"37":{"start":{"line":74,"column":8},"end":{"line":74,"column":null}},"38":{"start":{"line":76,"column":25},"end":{"line":76,"column":63}},"39":{"start":{"line":77,"column":4},"end":{"line":79,"column":null}},"40":{"start":{"line":78,"column":8},"end":{"line":78,"column":null}},"41":{"start":{"line":82,"column":21},"end":{"line":82,"column":63}},"42":{"start":{"line":83,"column":21},"end":{"line":83,"column":55}},"43":{"start":{"line":84,"column":4},"end":{"line":84,"column":null}},"44":{"start":{"line":87,"column":24},"end":{"line":87,"column":60}},"45":{"start":{"line":88,"column":25},"end":{"line":88,"column":68}},"46":{"start":{"line":89,"column":4},"end":{"line":89,"column":null}},"47":{"start":{"line":90,"column":4},"end":{"line":90,"column":null}}},"fnMap":{"0":{"name":"validaInteiroPositivo","decl":{"start":{"line":9,"column":16},"end":{"line":9,"column":37}},"loc":{"start":{"line":9,"column":51},"end":{"line":16,"column":null}},"line":9},"1":{"name":"buildProgram","decl":{"start":{"line":17,"column":16},"end":{"line":17,"column":28}},"loc":{"start":{"line":17,"column":31},"end":{"line":51,"column":null}},"line":17},"2":{"name":"(anonymous_2)","decl":{"start":{"line":25,"column":16},"end":{"line":25,"column":21}},"loc":{"start":{"line":25,"column":35},"end":{"line":49,"column":5}},"line":25},"3":{"name":"validaEntrada","decl":{"start":{"line":56,"column":22},"end":{"line":56,"column":35}},"loc":{"start":{"line":56,"column":66},"end":{"line":80,"column":null}},"line":56},"4":{"name":"processaArquivo","decl":{"start":{"line":81,"column":22},"end":{"line":81,"column":37}},"loc":{"start":{"line":81,"column":74},"end":{"line":85,"column":null}},"line":81},"5":{"name":"criaESalvaArquivo","decl":{"start":{"line":86,"column":22},"end":{"line":86,"column":39}},"loc":{"start":{"line":86,"column":75},"end":{"line":91,"column":null}},"line":86}},"branchMap":{"0":{"loc":{"start":{"line":11,"column":4},"end":{"line":14,"column":null}},"type":"if","locations":[{"start":{"line":11,"column":4},"end":{"line":14,"column":null}},{"start":{},"end":{}}],"line":11},"1":{"loc":{"start":{"line":11,"column":8},"end":{"line":11,"column":43}},"type":"binary-expr","locations":[{"start":{"line":11,"column":8},"end":{"line":11,"column":28}},{"start":{"line":11,"column":32},"end":{"line":11,"column":43}}],"line":11},"2":{"loc":{"start":{"line":27,"column":8},"end":{"line":31,"column":null}},"type":"if","locations":[{"start":{"line":27,"column":8},"end":{"line":31,"column":null}},{"start":{},"end":{}}],"line":27},"3":{"loc":{"start":{"line":27,"column":12},"end":{"line":27,"column":30}},"type":"binary-expr","locations":[{"start":{"line":27,"column":12},"end":{"line":27,"column":18}},{"start":{"line":27,"column":22},"end":{"line":27,"column":30}}],"line":27},"4":{"loc":{"start":{"line":53,"column":0},"end":{"line":55,"column":null}},"type":"if","locations":[{"start":{"line":53,"column":0},"end":{"line":55,"column":null}},{"start":{},"end":{}}],"line":53},"5":{"loc":{"start":{"line":57,"column":4},"end":{"line":59,"column":null}},"type":"if","locations":[{"start":{"line":57,"column":4},"end":{"line":59,"column":null}},{"start":{},"end":{}}],"line":57},"6":{"loc":{"start":{"line":67,"column":4},"end":{"line":69,"column":null}},"type":"if","locations":[{"start":{"line":67,"column":4},"end":{"line":69,"column":null}},{"start":{},"end":{}}],"line":67},"7":{"loc":{"start":{"line":77,"column":4},"end":{"line":79,"column":null}},"type":"if","locations":[{"start":{"line":77,"column":4},"end":{"line":79,"column":null}},{"start":{},"end":{}}],"line":77}},"s":{"0":12,"1":12,"2":0,"3":0,"4":12,"5":8,"6":8,"7":7,"8":7,"9":1,"10":1,"11":1,"12":6,"13":6,"14":6,"15":6,"16":6,"17":6,"18":1,"19":1,"20":5,"21":5,"22":5,"23":8,"24":1,"25":1,"26":0,"27":11,"28":2,"29":9,"30":9,"31":2,"32":7,"33":7,"34":2,"35":5,"36":5,"37":2,"38":3,"39":3,"40":2,"41":1,"42":1,"43":1,"44":1,"45":1,"46":1,"47":1},"f":{"0":12,"1":8,"2":7,"3":11,"4":1,"5":1},"b":{"0":[0,12],"1":[12,12],"2":[1,6],"3":[7,6],"4":[0,1],"5":[2,9],"6":[2,5],"7":[2,1]},"meta":{"lastBranch":8,"lastFunction":6,"lastStatement":48,"seen":{"f:9:16:9:37":0,"s:10:19:10:38":0,"b:11:4:14:Infinity:undefined:undefined:undefined:undefined":0,"s:11:4:14:Infinity":1,"b:11:8:11:28:11:32:11:43":1,"s:12:8:12:Infinity":2,"s:13:8:13:Infinity":3,"s:15:4:15:Infinity":4,"f:17:16:17:28":1,"s:18:20:18:33":5,"s:19:4:49:Infinity":6,"f:25:16:25:21":2,"s:26:55:26:62":7,"b:27:8:31:Infinity:undefined:undefined:undefined:undefined":2,"s:27:8:31:Infinity":8,"b:27:12:27:18:27:22:27:30":3,"s:28:12:28:Infinity":9,"s:29:12:29:Infinity":10,"s:30:12:30:Infinity":11,"s:32:31:32:77":12,"s:33:31:33:77":13,"s:34:29:34:48":14,"s:35:31:35:52":15,"s:36:8:48:Infinity":16,"s:37:12:37:Infinity":17,"s:38:12:38:Infinity":18,"s:39:12:39:Infinity":19,"s:42:12:47:Infinity":20,"s:43:15:43:Infinity":21,"s:46:16:46:Infinity":22,"s:50:4:50:Infinity":23,"s:52:23:52:37":24,"b:53:0:55:Infinity:undefined:undefined:undefined:undefined":4,"s:53:0:55:Infinity":25,"s:54:4:54:Infinity":26,"f:56:22:56:35":3,"b:57:4:59:Infinity:undefined:undefined:undefined:undefined":5,"s:57:4:59:Infinity":27,"s:58:8:58:Infinity":28,"s:60:4:65:Infinity":29,"s:61:8:61:Infinity":30,"s:64:8:64:Infinity":31,"s:66:23:66:59":32,"b:67:4:69:Infinity:undefined:undefined:undefined:undefined":6,"s:67:4:69:Infinity":33,"s:68:8:68:Infinity":34,"s:70:4:75:Infinity":35,"s:71:8:71:Infinity":36,"s:74:8:74:Infinity":37,"s:76:25:76:63":38,"b:77:4:79:Infinity:undefined:undefined:undefined:undefined":7,"s:77:4:79:Infinity":39,"s:78:8:78:Infinity":40,"f:81:22:81:37":4,"s:82:21:82:63":41,"s:83:21:83:55":42,"s:84:4:84:Infinity":43,"f:86:22:86:39":5,"s:87:24:87:60":44,"s:88:25:88:68":45,"s:89:4:89:Infinity":46,"s:90:4:90:Infinity":47}}}
,"/mnt/wsl/PHYSICALDRIVE1/Alura/PrimeiraBiblioteca/dist/helpers.js": {"path":"/mnt/wsl/PHYSICALDRIVE1/Alura/PrimeiraBiblioteca/dist/helpers.js","statementMap":{"0":{"start":{"line":5,"column":4},"end":{"line":5,"column":null}},"1":{"start":{"line":5,"column":52},"end":{"line":5,"column":80}},"2":{"start":{"line":11,"column":19},"end":{"line":18,"column":42}},"3":{"start":{"line":13,"column":27},"end":{"line":13,"column":76}},"4":{"start":{"line":14,"column":8},"end":{"line":15,"column":null}},"5":{"start":{"line":15,"column":12},"end":{"line":15,"column":null}},"6":{"start":{"line":16,"column":8},"end":{"line":16,"column":null}},"7":{"start":{"line":18,"column":27},"end":{"line":18,"column":41}},"8":{"start":{"line":19,"column":4},"end":{"line":19,"column":null}}},"fnMap":{"0":{"name":"filtraOcorrencias","decl":{"start":{"line":4,"column":9},"end":{"line":4,"column":26}},"loc":{"start":{"line":4,"column":52},"end":{"line":6,"column":null}},"line":4},"1":{"name":"(anonymous_1)","decl":{"start":{"line":5,"column":41},"end":{"line":5,"column":42}},"loc":{"start":{"line":5,"column":52},"end":{"line":5,"column":80}},"line":5},"2":{"name":"montaSaidaArquivo","decl":{"start":{"line":10,"column":9},"end":{"line":10,"column":26}},"loc":{"start":{"line":10,"column":56},"end":{"line":20,"column":null}},"line":10},"3":{"name":"(anonymous_3)","decl":{"start":{"line":12,"column":13},"end":{"line":12,"column":14}},"loc":{"start":{"line":12,"column":35},"end":{"line":17,"column":5}},"line":12},"4":{"name":"(anonymous_4)","decl":{"start":{"line":18,"column":16},"end":{"line":18,"column":17}},"loc":{"start":{"line":18,"column":27},"end":{"line":18,"column":41}},"line":18}},"branchMap":{"0":{"loc":{"start":{"line":4,"column":38},"end":{"line":4,"column":50}},"type":"default-arg","locations":[{"start":{"line":4,"column":49},"end":{"line":4,"column":50}}],"line":4},"1":{"loc":{"start":{"line":10,"column":42},"end":{"line":10,"column":54}},"type":"default-arg","locations":[{"start":{"line":10,"column":53},"end":{"line":10,"column":54}}],"line":10},"2":{"loc":{"start":{"line":14,"column":8},"end":{"line":15,"column":null}},"type":"if","locations":[{"start":{"line":14,"column":8},"end":{"line":15,"column":null}},{"start":{},"end":{}}],"line":14},"3":{"loc":{"start":{"line":19,"column":11},"end":{"line":19,"column":60}},"type":"cond-expr","locations":[{"start":{"line":19,"column":31},"end":{"line":19,"column":55}},{"start":{"line":19,"column":58},"end":{"line":19,"column":60}}],"line":19}},"s":{"0":7,"1":12,"2":4,"3":7,"4":7,"5":2,"6":5,"7":7,"8":4},"f":{"0":7,"1":12,"2":4,"3":7,"4":7},"b":{"0":[7],"1":[4],"2":[2,5],"3":[4,0]},"meta":{"lastBranch":4,"lastFunction":5,"lastStatement":9,"seen":{"f:4:9:4:26":0,"b:4:49:4:50":0,"s:5:4:5:Infinity":0,"f:5:41:5:42":1,"s:5:52:5:80":1,"f:10:9:10:26":2,"b:10:53:10:54":1,"s:11:19:18:42":2,"f:12:13:12:14":3,"s:13:27:13:76":3,"b:14:8:15:Infinity:undefined:undefined:undefined:undefined":2,"s:14:8:15:Infinity":4,"s:15:12:15:Infinity":5,"s:16:8:16:Infinity":6,"f:18:16:18:17":4,"s:18:27:18:41":7,"s:19:4:19:Infinity":8,"b:19:31:19:55:19:58:19:60":3}}}
,"/mnt/wsl/PHYSICALDRIVE1/Alura/PrimeiraBiblioteca/dist/index.js": {"path":"/mnt/wsl/PHYSICALDRIVE1/Alura/PrimeiraBiblioteca/dist/index.js","statementMap":{"0":{"start":{"line":5,"column":23},"end":{"line":5,"column":46}},"1":{"start":{"line":6,"column":21},"end":{"line":10,"column":6}},"2":{"start":{"line":7,"column":8},"end":{"line":8,"column":null}},"3":{"start":{"line":8,"column":12},"end":{"line":8,"column":null}},"4":{"start":{"line":9,"column":8},"end":{"line":9,"column":null}},"5":{"start":{"line":11,"column":4},"end":{"line":11,"column":null}},"6":{"start":{"line":17,"column":4},"end":{"line":20,"column":null}},"7":{"start":{"line":20,"column":31},"end":{"line":20,"column":54}},"8":{"start":{"line":26,"column":18},"end":{"line":26,"column":96}},"9":{"start":{"line":27,"column":4},"end":{"line":27,"column":null}},"10":{"start":{"line":33,"column":26},"end":{"line":33,"column":44}},"11":{"start":{"line":34,"column":22},"end":{"line":34,"column":24}},"12":{"start":{"line":35,"column":4},"end":{"line":42,"column":null}},"13":{"start":{"line":36,"column":29},"end":{"line":36,"column":51}},"14":{"start":{"line":37,"column":8},"end":{"line":38,"column":null}},"15":{"start":{"line":38,"column":12},"end":{"line":38,"column":null}},"16":{"start":{"line":39,"column":8},"end":{"line":40,"column":null}},"17":{"start":{"line":40,"column":12},"end":{"line":40,"column":null}},"18":{"start":{"line":41,"column":8},"end":{"line":41,"column":null}},"19":{"start":{"line":43,"column":4},"end":{"line":43,"column":null}}},"fnMap":{"0":{"name":"contaPalavras","decl":{"start":{"line":4,"column":16},"end":{"line":4,"column":29}},"loc":{"start":{"line":4,"column":51},"end":{"line":12,"column":null}},"line":4},"1":{"name":"(anonymous_1)","decl":{"start":{"line":6,"column":40},"end":{"line":6,"column":41}},"loc":{"start":{"line":6,"column":55},"end":{"line":10,"column":5}},"line":6},"2":{"name":"extraiParagrafos","decl":{"start":{"line":16,"column":16},"end":{"line":16,"column":32}},"loc":{"start":{"line":16,"column":40},"end":{"line":21,"column":null}},"line":16},"3":{"name":"(anonymous_3)","decl":{"start":{"line":20,"column":16},"end":{"line":20,"column":17}},"loc":{"start":{"line":20,"column":31},"end":{"line":20,"column":54}},"line":20},"4":{"name":"limpaPalavras","decl":{"start":{"line":25,"column":9},"end":{"line":25,"column":22}},"loc":{"start":{"line":25,"column":32},"end":{"line":28,"column":null}},"line":25},"5":{"name":"verificaPalavrasDuplicadas","decl":{"start":{"line":32,"column":9},"end":{"line":32,"column":35}},"loc":{"start":{"line":32,"column":53},"end":{"line":44,"column":null}},"line":32},"6":{"name":"(anonymous_6)","decl":{"start":{"line":35,"column":26},"end":{"line":35,"column":27}},"loc":{"start":{"line":35,"column":39},"end":{"line":42,"column":5}},"line":35}},"branchMap":{"0":{"loc":{"start":{"line":4,"column":37},"end":{"line":4,"column":49}},"type":"default-arg","locations":[{"start":{"line":4,"column":48},"end":{"line":4,"column":49}}],"line":4},"1":{"loc":{"start":{"line":7,"column":8},"end":{"line":8,"column":null}},"type":"if","locations":[{"start":{"line":7,"column":8},"end":{"line":8,"column":null}},{"start":{},"end":{}}],"line":7},"2":{"loc":{"start":{"line":37,"column":8},"end":{"line":38,"column":null}},"type":"if","locations":[{"start":{"line":37,"column":8},"end":{"line":38,"column":null}},{"start":{},"end":{}}],"line":37},"3":{"loc":{"start":{"line":39,"column":8},"end":{"line":40,"column":null}},"type":"if","locations":[{"start":{"line":39,"column":8},"end":{"line":40,"column":null}},{"start":{},"end":{}}],"line":39},"4":{"loc":{"start":{"line":41,"column":35},"end":{"line":41,"column":63}},"type":"binary-expr","locations":[{"start":{"line":41,"column":35},"end":{"line":41,"column":58}},{"start":{"line":41,"column":62},"end":{"line":41,"column":63}}],"line":41}},"s":{"0":4,"1":4,"2":5,"3":0,"4":5,"5":4,"6":4,"7":5,"8":22,"9":22,"10":5,"11":5,"12":5,"13":22,"14":22,"15":0,"16":22,"17":8,"18":14,"19":5},"f":{"0":4,"1":5,"2":4,"3":5,"4":22,"5":5,"6":22},"b":{"0":[4],"1":[0,5],"2":[0,22],"3":[8,14],"4":[14,13]},"meta":{"lastBranch":5,"lastFunction":7,"lastStatement":20,"seen":{"f:4:16:4:29":0,"b:4:48:4:49":0,"s:5:23:5:46":0,"s:6:21:10:6":1,"f:6:40:6:41":1,"b:7:8:8:Infinity:undefined:undefined:undefined:undefined":1,"s:7:8:8:Infinity":2,"s:8:12:8:Infinity":3,"s:9:8:9:Infinity":4,"s:11:4:11:Infinity":5,"f:16:16:16:32":2,"s:17:4:20:Infinity":6,"f:20:16:20:17":3,"s:20:31:20:54":7,"f:25:9:25:22":4,"s:26:18:26:96":8,"s:27:4:27:Infinity":9,"f:32:9:32:35":5,"s:33:26:33:44":10,"s:34:22:34:24":11,"s:35:4:42:Infinity":12,"f:35:26:35:27":6,"s:36:29:36:51":13,"b:37:8:38:Infinity:undefined:undefined:undefined:undefined":2,"s:37:8:38:Infinity":14,"s:38:12:38:Infinity":15,"b:39:8:40:Infinity:undefined:undefined:undefined:undefined":3,"s:39:8:40:Infinity":16,"s:40:12:40:Infinity":17,"s:41:8:41:Infinity":18,"b:41:35:41:58:41:62:41:63":4,"s:43:4:43:Infinity":19}}}
,"/mnt/wsl/PHYSICALDRIVE1/Alura/PrimeiraBiblioteca/dist/erros/funcoesErro.js": {"path":"/mnt/wsl/PHYSICALDRIVE1/Alura/PrimeiraBiblioteca/dist/erros/funcoesErro.js","statementMap":{"0":{"start":{"line":2,"column":4},"end":{"line":19,"column":null}},"1":{"start":{"line":3,"column":24},"end":{"line":10,"column":9}},"2":{"start":{"line":11,"column":25},"end":{"line":11,"column":70}},"3":{"start":{"line":12,"column":33},"end":{"line":12,"column":52}},"4":{"start":{"line":13,"column":8},"end":{"line":13,"column":44}},"5":{"start":{"line":14,"column":8},"end":{"line":14,"column":null}},"6":{"start":{"line":18,"column":8},"end":{"line":18,"column":null}}},"fnMap":{"0":{"name":"trataErros","decl":{"start":{"line":1,"column":24},"end":{"line":1,"column":34}},"loc":{"start":{"line":1,"column":41},"end":{"line":20,"column":null}},"line":1}},"branchMap":{"0":{"loc":{"start":{"line":2,"column":4},"end":{"line":19,"column":null}},"type":"if","locations":[{"start":{"line":2,"column":4},"end":{"line":19,"column":null}},{"start":{"line":16,"column":9},"end":{"line":19,"column":null}}],"line":2},"1":{"loc":{"start":{"line":11,"column":25},"end":{"line":11,"column":70}},"type":"binary-expr","locations":[{"start":{"line":11,"column":25},"end":{"line":11,"column":43}},{"start":{"line":11,"column":47},"end":{"line":11,"column":70}}],"line":11}},"s":{"0":12,"1":6,"2":6,"3":6,"4":6,"5":6,"6":6},"f":{"0":12},"b":{"0":[6,6],"1":[6,0]},"meta":{"lastBranch":2,"lastFunction":1,"lastStatement":7,"seen":{"f:1:24:1:34":0,"b:2:4:19:Infinity:16:9:19:Infinity":0,"s:2:4:19:Infinity":0,"s:3:24:10:9":1,"s:11:25:11:70":2,"b:11:25:11:43:11:47:11:70":1,"s:12:33:12:52":3,"s:13:8:13:44":4,"s:14:8:14:Infinity":5,"s:18:8:18:Infinity":6}}}
,"/mnt/wsl/PHYSICALDRIVE1/Alura/PrimeiraBiblioteca/dist/src/cli.js": {"path":"/mnt/wsl/PHYSICALDRIVE1/Alura/PrimeiraBiblioteca/dist/src/cli.js","statementMap":{"0":{"start":{"line":10,"column":19},"end":{"line":10,"column":38}},"1":{"start":{"line":11,"column":4},"end":{"line":14,"column":null}},"2":{"start":{"line":12,"column":8},"end":{"line":12,"column":null}},"3":{"start":{"line":13,"column":8},"end":{"line":13,"column":null}},"4":{"start":{"line":15,"column":4},"end":{"line":15,"column":null}},"5":{"start":{"line":18,"column":20},"end":{"line":18,"column":33}},"6":{"start":{"line":19,"column":4},"end":{"line":49,"column":null}},"7":{"start":{"line":26,"column":55},"end":{"line":26,"column":62}},"8":{"start":{"line":27,"column":8},"end":{"line":31,"column":null}},"9":{"start":{"line":28,"column":12},"end":{"line":28,"column":null}},"10":{"start":{"line":29,"column":12},"end":{"line":29,"column":null}},"11":{"start":{"line":30,"column":12},"end":{"line":30,"column":null}},"12":{"start":{"line":32,"column":31},"end":{"line":32,"column":77}},"13":{"start":{"line":33,"column":31},"end":{"line":33,"column":77}},"14":{"start":{"line":34,"column":29},"end":{"line":34,"column":48}},"15":{"start":{"line":35,"column":31},"end":{"line":35,"column":52}},"16":{"start":{"line":36,"column":8},"end":{"line":48,"column":null}},"17":{"start":{"line":37,"column":12},"end":{"line":37,"column":null}},"18":{"start":{"line":38,"column":12},"end":{"line":38,"column":null}},"19":{"start":{"line":39,"column":12},"end":{"line":39,"column":null}},"20":{"start":{"line":42,"column":12},"end":{"line":47,"column":null}},"21":{"start":{"line":43,"column":15},"end":{"line":43,"column":null}},"22":{"start":{"line":46,"column":16},"end":{"line":46,"column":null}},"23":{"start":{"line":50,"column":4},"end":{"line":50,"column":null}},"24":{"start":{"line":52,"column":23},"end":{"line":52,"column":37}},"25":{"start":{"line":53,"column":0},"end":{"line":55,"column":null}},"26":{"start":{"line":54,"column":4},"end":{"line":54,"column":null}},"27":{"start":{"line":57,"column":4},"end":{"line":59,"column":null}},"28":{"start":{"line":58,"column":8},"end":{"line":58,"column":null}},"29":{"start":{"line":60,"column":4},"end":{"line":65,"column":null}},"30":{"start":{"line":61,"column":8},"end":{"line":61,"column":null}},"31":{"start":{"line":64,"column":8},"end":{"line":64,"column":null}},"32":{"start":{"line":66,"column":23},"end":{"line":66,"column":59}},"33":{"start":{"line":67,"column":4},"end":{"line":69,"column":null}},"34":{"start":{"line":68,"column":8},"end":{"line":68,"column":null}},"35":{"start":{"line":70,"column":4},"end":{"line":75,"column":null}},"36":{"start":{"line":71,"column":8},"end":{"line":71,"column":null}},"37":{"start":{"line":74,"column":8},"end":{"line":74,"column":null}},"38":{"start":{"line":76,"column":25},"end":{"line":76,"column":63}},"39":{"start":{"line":77,"column":4},"end":{"line":79,"column":null}},"40":{"start":{"line":78,"column":8},"end":{"line":78,"column":null}},"41":{"start":{"line":82,"column":21},"end":{"line":82,"column":63}},"42":{"start":{"line":83,"column":21},"end":{"line":83,"column":55}},"43":{"start":{"line":84,"column":4},"end":{"line":84,"column":null}},"44":{"start":{"line":87,"column":24},"end":{"line":87,"column":51}},"45":{"start":{"line":88,"column":25},"end":{"line":88,"column":68}},"46":{"start":{"line":89,"column":4},"end":{"line":89,"column":null}},"47":{"start":{"line":90,"column":4},"end":{"line":90,"column":null}}},"fnMap":{"0":{"name":"validaInteiroPositivo","decl":{"start":{"line":9,"column":16},"end":{"line":9,"column":37}},"loc":{"start":{"line":9,"column":51},"end":{"line":16,"column":null}},"line":9},"1":{"name":"buildProgram","decl":{"start":{"line":17,"column":16},"end":{"line":17,"column":28}},"loc":{"start":{"line":17,"column":31},"end":{"line":51,"column":null}},"line":17},"2":{"name":"(anonymous_2)","decl":{"start":{"line":25,"column":16},"end":{"line":25,"column":21}},"loc":{"start":{"line":25,"column":35},"end":{"line":49,"column":5}},"line":25},"3":{"name":"validaEntrada","decl":{"start":{"line":56,"column":22},"end":{"line":56,"column":35}},"loc":{"start":{"line":56,"column":66},"end":{"line":80,"column":null}},"line":56},"4":{"name":"processaArquivo","decl":{"start":{"line":81,"column":22},"end":{"line":81,"column":37}},"loc":{"start":{"line":81,"column":74},"end":{"line":85,"column":null}},"line":81},"5":{"name":"criaESalvaArquivo","decl":{"start":{"line":86,"column":22},"end":{"line":86,"column":39}},"loc":{"start":{"line":86,"column":75},"end":{"line":91,"column":null}},"line":86}},"branchMap":{"0":{"loc":{"start":{"line":11,"column":4},"end":{"line":14,"column":null}},"type":"if","locations":[{"start":{"line":11,"column":4},"end":{"line":14,"column":null}},{"start":{},"end":{}}],"line":11},"1":{"loc":{"start":{"line":11,"column":8},"end":{"line":11,"column":43}},"type":"binary-expr","locations":[{"start":{"line":11,"column":8},"end":{"line":11,"column":28}},{"start":{"line":11,"column":32},"end":{"line":11,"column":43}}],"line":11},"2":{"loc":{"start":{"line":27,"column":8},"end":{"line":31,"column":null}},"type":"if","locations":[{"start":{"line":27,"column":8},"end":{"line":31,"column":null}},{"start":{},"end":{}}],"line":27},"3":{"loc":{"start":{"line":27,"column":12},"end":{"line":27,"column":30}},"type":"binary-expr","locations":[{"start":{"line":27,"column":12},"end":{"line":27,"column":18}},{"start":{"line":27,"column":22},"end":{"line":27,"column":30}}],"line":27},"4":{"loc":{"start":{"line":53,"column":0},"end":{"line":55,"column":null}},"type":"if","locations":[{"start":{"line":53,"column":0},"end":{"line":55,"column":null}},{"start":{},"end":{}}],"line":53},"5":{"loc":{"start":{"line":57,"column":4},"end":{"line":59,"column":null}},"type":"if","locations":[{"start":{"line":57,"column":4},"end":{"line":59,"column":null}},{"start":{},"end":{}}],"line":57},"6":{"loc":{"start":{"line":67,"column":4},"end":{"line":69,"column":null}},"type":"if","locations":[{"start":{"line":67,"column":4},"end":{"line":69,"column":null}},{"start":{},"end":{}}],"line":67},"7":{"loc":{"start":{"line":77,"column":4},"end":{"line":79,"column":null}},"type":"if","locations":[{"start":{"line":77,"column":4},"end":{"line":79,"column":null}},{"start":{},"end":{}}],"line":77}},"s":{"0":12,"1":12,"2":0,"3":0,"4":12,"5":8,"6":8,"7":7,"8":7,"9":1,"10":1,"11":1,"12":6,"13":6,"14":6,"15":6,"16":6,"17":6,"18":1,"19":1,"20":5,"21":5,"22":5,"23":8,"24":1,"25":1,"26":0,"27":11,"28":2,"29":9,"30":9,"31":2,"32":7,"33":7,"34":2,"35":5,"36":5,"37":2,"38":3,"39":3,"40":2,"41":1,"42":1,"43":1,"44":1,"45":1,"46":1,"47":1},"f":{"0":12,"1":8,"2":7,"3":11,"4":1,"5":1},"b":{"0":[0,12],"1":[12,12],"2":[1,6],"3":[7,6],"4":[0,1],"5":[2,9],"6":[2,5],"7":[2,1]},"meta":{"lastBranch":8,"lastFunction":6,"lastStatement":48,"seen":{"f:9:16:9:37":0,"s:10:19:10:38":0,"b:11:4:14:Infinity:undefined:undefined:undefined:undefined":0,"s:11:4:14:Infinity":1,"b:11:8:11:28:11:32:11:43":1,"s:12:8:12:Infinity":2,"s:13:8:13:Infinity":3,"s:15:4:15:Infinity":4,"f:17:16:17:28":1,"s:18:20:18:33":5,"s:19:4:49:Infinity":6,"f:25:16:25:21":2,"s:26:55:26:62":7,"b:27:8:31:Infinity:undefined:undefined:undefined:undefined":2,"s:27:8:31:Infinity":8,"b:27:12:27:18:27:22:27:30":3,"s:28:12:28:Infinity":9,"s:29:12:29:Infinity":10,"s:30:12:30:Infinity":11,"s:32:31:32:77":12,"s:33:31:33:77":13,"s:34:29:34:48":14,"s:35:31:35:52":15,"s:36:8:48:Infinity":16,"s:37:12:37:Infinity":17,"s:38:12:38:Infinity":18,"s:39:12:39:Infinity":19,"s:42:12:47:Infinity":20,"s:43:15:43:Infinity":21,"s:46:16:46:Infinity":22,"s:50:4:50:Infinity":23,"s:52:23:52:37":24,"b:53:0:55:Infinity:undefined:undefined:undefined:undefined":4,"s:53:0:55:Infinity":25,"s:54:4:54:Infinity":26,"f:56:22:56:35":3,"b:57:4:59:Infinity:undefined:undefined:undefined:undefined":5,"s:57:4:59:Infinity":27,"s:58:8:58:Infinity":28,"s:60:4:65:Infinity":29,"s:61:8:61:Infinity":30,"s:64:8:64:Infinity":31,"s:66:23:66:59":32,"b:67:4:69:Infinity:undefined:undefined:undefined:undefined":6,"s:67:4:69:Infinity":33,"s:68:8:68:Infinity":34,"s:70:4:75:Infinity":35,"s:71:8:71:Infinity":36,"s:74:8:74:Infinity":37,"s:76:25:76:63":38,"b:77:4:79:Infinity:undefined:undefined:undefined:undefined":7,"s:77:4:79:Infinity":39,"s:78:8:78:Infinity":40,"f:81:22:81:37":4,"s:82:21:82:63":41,"s:83:21:83:55":42,"s:84:4:84:Infinity":43,"f:86:22:86:39":5,"s:87:24:87:51":44,"s:88:25:88:68":45,"s:89:4:89:Infinity":46,"s:90:4:90:Infinity":47}}}
,"/mnt/wsl/PHYSICALDRIVE1/Alura/PrimeiraBiblioteca/dist/src/helpers.js": {"path":"/mnt/wsl/PHYSICALDRIVE1/Alura/PrimeiraBiblioteca/dist/src/helpers.js","statementMap":{"0":{"start":{"line":5,"column":4},"end":{"line":5,"column":null}},"1":{"start":{"line":5,"column":52},"end":{"line":5,"column":80}},"2":{"start":{"line":11,"column":19},"end":{"line":18,"column":42}},"3":{"start":{"line":13,"column":27},"end":{"line":13,"column":76}},"4":{"start":{"line":14,"column":8},"end":{"line":15,"column":null}},"5":{"start":{"line":15,"column":12},"end":{"line":15,"column":null}},"6":{"start":{"line":16,"column":8},"end":{"line":16,"column":null}},"7":{"start":{"line":18,"column":27},"end":{"line":18,"column":41}},"8":{"start":{"line":19,"column":4},"end":{"line":19,"column":null}}},"fnMap":{"0":{"name":"filtraOcorrencias","decl":{"start":{"line":4,"column":9},"end":{"line":4,"column":26}},"loc":{"start":{"line":4,"column":52},"end":{"line":6,"column":null}},"line":4},"1":{"name":"(anonymous_1)","decl":{"start":{"line":5,"column":41},"end":{"line":5,"column":42}},"loc":{"start":{"line":5,"column":52},"end":{"line":5,"column":80}},"line":5},"2":{"name":"montaSaidaArquivo","decl":{"start":{"line":10,"column":9},"end":{"line":10,"column":26}},"loc":{"start":{"line":10,"column":56},"end":{"line":20,"column":null}},"line":10},"3":{"name":"(anonymous_3)","decl":{"start":{"line":12,"column":13},"end":{"line":12,"column":14}},"loc":{"start":{"line":12,"column":35},"end":{"line":17,"column":5}},"line":12},"4":{"name":"(anonymous_4)","decl":{"start":{"line":18,"column":16},"end":{"line":18,"column":17}},"loc":{"start":{"line":18,"column":27},"end":{"line":18,"column":41}},"line":18}},"branchMap":{"0":{"loc":{"start":{"line":4,"column":38},"end":{"line":4,"column":50}},"type":"default-arg","locations":[{"start":{"line":4,"column":49},"end":{"line":4,"column":50}}],"line":4},"1":{"loc":{"start":{"line":10,"column":42},"end":{"line":10,"column":54}},"type":"default-arg","locations":[{"start":{"line":10,"column":53},"end":{"line":10,"column":54}}],"line":10},"2":{"loc":{"start":{"line":14,"column":8},"end":{"line":15,"column":null}},"type":"if","locations":[{"start":{"line":14,"column":8},"end":{"line":15,"column":null}},{"start":{},"end":{}}],"line":14},"3":{"loc":{"start":{"line":19,"column":11},"end":{"line":19,"column":60}},"type":"cond-expr","locations":[{"start":{"line":19,"column":31},"end":{"line":19,"column":55}},{"start":{"line":19,"column":58},"end":{"line":19,"column":60}}],"line":19}},"s":{"0":7,"1":12,"2":4,"3":7,"4":7,"5":2,"6":5,"7":7,"8":4},"f":{"0":7,"1":12,"2":4,"3":7,"4":7},"b":{"0":[7],"1":[4],"2":[2,5],"3":[4,0]},"meta":{"lastBranch":4,"lastFunction":5,"lastStatement":9,"seen":{"f:4:9:4:26":0,"b:4:49:4:50":0,"s:5:4:5:Infinity":0,"f:5:41:5:42":1,"s:5:52:5:80":1,"f:10:9:10:26":2,"b:10:53:10:54":1,"s:11:19:18:42":2,"f:12:13:12:14":3,"s:13:27:13:76":3,"b:14:8:15:Infinity:undefined:undefined:undefined:undefined":2,"s:14:8:15:Infinity":4,"s:15:12:15:Infinity":5,"s:16:8:16:Infinity":6,"f:18:16:18:17":4,"s:18:27:18:41":7,"s:19:4:19:Infinity":8,"b:19:31:19:55:19:58:19:60":3}}}
,"/mnt/wsl/PHYSICALDRIVE1/Alura/PrimeiraBiblioteca/dist/src/index.js": {"path":"/mnt/wsl/PHYSICALDRIVE1/Alura/PrimeiraBiblioteca/dist/src/index.js","statementMap":{"0":{"start":{"line":5,"column":23},"end":{"line":5,"column":46}},"1":{"start":{"line":6,"column":21},"end":{"line":10,"column":6}},"2":{"start":{"line":7,"column":8},"end":{"line":8,"column":null}},"3":{"start":{"line":8,"column":12},"end":{"line":8,"column":null}},"4":{"start":{"line":9,"column":8},"end":{"line":9,"column":null}},"5":{"start":{"line":11,"column":4},"end":{"line":11,"column":null}},"6":{"start":{"line":17,"column":4},"end":{"line":20,"column":null}},"7":{"start":{"line":20,"column":31},"end":{"line":20,"column":54}},"8":{"start":{"line":26,"column":18},"end":{"line":26,"column":96}},"9":{"start":{"line":27,"column":4},"end":{"line":27,"column":null}},"10":{"start":{"line":33,"column":26},"end":{"line":33,"column":44}},"11":{"start":{"line":34,"column":22},"end":{"line":34,"column":24}},"12":{"start":{"line":35,"column":4},"end":{"line":42,"column":null}},"13":{"start":{"line":36,"column":29},"end":{"line":36,"column":51}},"14":{"start":{"line":37,"column":8},"end":{"line":38,"column":null}},"15":{"start":{"line":38,"column":12},"end":{"line":38,"column":null}},"16":{"start":{"line":39,"column":8},"end":{"line":40,"column":null}},"17":{"start":{"line":40,"column":12},"end":{"line":40,"column":null}},"18":{"start":{"line":41,"column":8},"end":{"line":41,"column":null}},"19":{"start":{"line":43,"column":4},"end":{"line":43,"column":null}}},"fnMap":{"0":{"name":"contaPalavras","decl":{"start":{"line":4,"column":16},"end":{"line":4,"column":29}},"loc":{"start":{"line":4,"column":51},"end":{"line":12,"column":null}},"line":4},"1":{"name":"(anonymous_1)","decl":{"start":{"line":6,"column":40},"end":{"line":6,"column":41}},"loc":{"start":{"line":6,"column":55},"end":{"line":10,"column":5}},"line":6},"2":{"name":"extraiParagrafos","decl":{"start":{"line":16,"column":16},"end":{"line":16,"column":32}},"loc":{"start":{"line":16,"column":40},"end":{"line":21,"column":null}},"line":16},"3":{"name":"(anonymous_3)","decl":{"start":{"line":20,"column":16},"end":{"line":20,"column":17}},"loc":{"start":{"line":20,"column":31},"end":{"line":20,"column":54}},"line":20},"4":{"name":"limpaPalavras","decl":{"start":{"line":25,"column":9},"end":{"line":25,"column":22}},"loc":{"start":{"line":25,"column":32},"end":{"line":28,"column":null}},"line":25},"5":{"name":"verificaPalavrasDuplicadas","decl":{"start":{"line":32,"column":9},"end":{"line":32,"column":35}},"loc":{"start":{"line":32,"column":53},"end":{"line":44,"column":null}},"line":32},"6":{"name":"(anonymous_6)","decl":{"start":{"line":35,"column":26},"end":{"line":35,"column":27}},"loc":{"start":{"line":35,"column":39},"end":{"line":42,"column":5}},"line":35}},"branchMap":{"0":{"loc":{"start":{"line":4,"column":37},"end":{"line":4,"column":49}},"type":"default-arg","locations":[{"start":{"line":4,"column":48},"end":{"line":4,"column":49}}],"line":4},"1":{"loc":{"start":{"line":7,"column":8},"end":{"line":8,"column":null}},"type":"if","locations":[{"start":{"line":7,"column":8},"end":{"line":8,"column":null}},{"start":{},"end":{}}],"line":7},"2":{"loc":{"start":{"line":37,"column":8},"end":{"line":38,"column":null}},"type":"if","locations":[{"start":{"line":37,"column":8},"end":{"line":38,"column":null}},{"start":{},"end":{}}],"line":37},"3":{"loc":{"start":{"line":39,"column":8},"end":{"line":40,"column":null}},"type":"if","locations":[{"start":{"line":39,"column":8},"end":{"line":40,"column":null}},{"start":{},"end":{}}],"line":39},"4":{"loc":{"start":{"line":41,"column":35},"end":{"line":41,"column":63}},"type":"binary-expr","locations":[{"start":{"line":41,"column":35},"end":{"line":41,"column":58}},{"start":{"line":41,"column":62},"end":{"line":41,"column":63}}],"line":41}},"s":{"0":4,"1":4,"2":5,"3":0,"4":5,"5":4,"6":4,"7":5,"8":22,"9":22,"10":5,"11":5,"12":5,"13":22,"14":22,"15":0,"16":22,"17":8,"18":14,"19":5},"f":{"0":4,"1":5,"2":4,"3":5,"4":22,"5":5,"6":22},"b":{"0":[4],"1":[0,5],"2":[0,22],"3":[8,14],"4":[14,13]},"meta":{"lastBranch":5,"lastFunction":7,"lastStatement":20,"seen":{"f:4:16:4:29":0,"b:4:48:4:49":0,"s:5:23:5:46":0,"s:6:21:10:6":1,"f:6:40:6:41":1,"b:7:8:8:Infinity:undefined:undefined:undefined:undefined":1,"s:7:8:8:Infinity":2,"s:8:12:8:Infinity":3,"s:9:8:9:Infinity":4,"s:11:4:11:Infinity":5,"f:16:16:16:32":2,"s:17:4:20:Infinity":6,"f:20:16:20:17":3,"s:20:31:20:54":7,"f:25:9:25:22":4,"s:26:18:26:96":8,"s:27:4:27:Infinity":9,"f:32:9:32:35":5,"s:33:26:33:44":10,"s:34:22:34:24":11,"s:35:4:42:Infinity":12,"f:35:26:35:27":6,"s:36:29:36:51":13,"b:37:8:38:Infinity:undefined:undefined:undefined:undefined":2,"s:37:8:38:Infinity":14,"s:38:12:38:Infinity":15,"b:39:8:40:Infinity:undefined:undefined:undefined:undefined":3,"s:39:8:40:Infinity":16,"s:40:12:40:Infinity":17,"s:41:8:41:Infinity":18,"b:41:35:41:58:41:62:41:63":4,"s:43:4:43:Infinity":19}}}
,"/mnt/wsl/PHYSICALDRIVE1/Alura/PrimeiraBiblioteca/dist/src/erros/funcoesErro.js": {"path":"/mnt/wsl/PHYSICALDRIVE1/Alura/PrimeiraBiblioteca/dist/src/erros/funcoesErro.js","statementMap":{"0":{"start":{"line":2,"column":4},"end":{"line":19,"column":null}},"1":{"start":{"line":3,"column":24},"end":{"line":10,"column":9}},"2":{"start":{"line":11,"column":25},"end":{"line":11,"column":70}},"3":{"start":{"line":12,"column":33},"end":{"line":12,"column":52}},"4":{"start":{"line":13,"column":8},"end":{"line":13,"column":44}},"5":{"start":{"line":14,"column":8},"end":{"line":14,"column":null}},"6":{"start":{"line":18,"column":8},"end":{"line":18,"column":null}}},"fnMap":{"0":{"name":"trataErros","decl":{"start":{"line":1,"column":24},"end":{"line":1,"column":34}},"loc":{"start":{"line":1,"column":41},"end":{"line":20,"column":null}},"line":1}},"branchMap":{"0":{"loc":{"start":{"line":2,"column":4},"end":{"line":19,"column":null}},"type":"if","locations":[{"start":{"line":2,"column":4},"end":{"line":19,"column":null}},{"start":{"line":16,"column":9},"end":{"line":19,"column":null}}],"line":2},"1":{"loc":{"start":{"line":11,"column":25},"end":{"line":11,"column":70}},"type":"binary-expr","locations":[{"start":{"line":11,"column":25},"end":{"line":11,"column":43}},{"start":{"line":11,"column":47},"end":{"line":11,"column":70}}],"line":11}},"s":{"0":12,"1":6,"2":6,"3":6,"4":6,"5":6,"6":6},"f":{"0":12},"b":{"0":[6,6],"1":[6,0]},"meta":{"lastBranch":2,"lastFunction":1,"lastStatement":7,"seen":{"f:1:24:1:34":0,"b:2:4:19:Infinity:16:9:19:Infinity":0,"s:2:4:19:Infinity":0,"s:3:24:10:9":1,"s:11:25:11:70":2,"b:11:25:11:43:11:47:11:70":1,"s:12:33:12:52":3,"s:13:8:13:44":4,"s:14:8:14:Infinity":5,"s:18:8:18:Infinity":6}}}
,"/mnt/wsl/PHYSICALDRIVE1/Alura/PrimeiraBiblioteca/src/cli.ts": {"path":"/mnt/wsl/PHYSICALDRIVE1/Alura/PrimeiraBiblioteca/src/cli.ts","statementMap":{"0":{"start":{"line":11,"column":17},"end":{"line":11,"column":36}},"1":{"start":{"line":13,"column":2},"end":{"line":17,"column":null}},"2":{"start":{"line":14,"column":4},"end":{"line":16,"column":null}},"3":{"start":{"line":17,"column":4},"end":{"line":17,"column":null}},"4":{"start":{"line":20,"column":2},"end":{"line":20,"column":null}},"5":{"start":{"line":24,"column":18},"end":{"line":24,"column":31}},"6":{"start":{"line":26,"column":2},"end":{"line":80,"column":null}},"7":{"start":{"line":46,"column":55},"end":{"line":46,"column":null}},"8":{"start":{"line":48,"column":8},"end":{"line":53,"column":null}},"9":{"start":{"line":49,"column":10},"end":{"line":51,"column":null}},"10":{"start":{"line":52,"column":10},"end":{"line":52,"column":null}},"11":{"start":{"line":53,"column":10},"end":{"line":53,"column":null}},"12":{"start":{"line":56,"column":31},"end":{"line":56,"column":77}},"13":{"start":{"line":57,"column":31},"end":{"line":57,"column":77}},"14":{"start":{"line":59,"column":29},"end":{"line":59,"column":48}},"15":{"start":{"line":60,"column":31},"end":{"line":60,"column":52}},"16":{"start":{"line":62,"column":8},"end":{"line":76,"column":null}},"17":{"start":{"line":63,"column":10},"end":{"line":63,"column":null}},"18":{"start":{"line":65,"column":10},"end":{"line":70,"column":null}},"19":{"start":{"line":71,"column":10},"end":{"line":71,"column":null}},"20":{"start":{"line":73,"column":10},"end":{"line":76,"column":null}},"21":{"start":{"line":74,"column":12},"end":{"line":74,"column":null}},"22":{"start":{"line":76,"column":12},"end":{"line":76,"column":null}},"23":{"start":{"line":82,"column":2},"end":{"line":82,"column":null}},"24":{"start":{"line":85,"column":23},"end":{"line":85,"column":37}},"25":{"start":{"line":87,"column":0},"end":{"line":88,"column":null}},"26":{"start":{"line":88,"column":2},"end":{"line":88,"column":null}},"27":{"start":{"line":95,"column":2},"end":{"line":96,"column":null}},"28":{"start":{"line":96,"column":4},"end":{"line":96,"column":null}},"29":{"start":{"line":99,"column":2},"end":{"line":102,"column":null}},"30":{"start":{"line":100,"column":4},"end":{"line":100,"column":null}},"31":{"start":{"line":102,"column":4},"end":{"line":102,"column":null}},"32":{"start":{"line":105,"column":21},"end":{"line":105,"column":57}},"33":{"start":{"line":106,"column":2},"end":{"line":107,"column":null}},"34":{"start":{"line":107,"column":4},"end":{"line":107,"column":null}},"35":{"start":{"line":110,"column":2},"end":{"line":113,"column":null}},"36":{"start":{"line":111,"column":4},"end":{"line":111,"column":null}},"37":{"start":{"line":113,"column":4},"end":{"line":113,"column":null}},"38":{"start":{"line":116,"column":23},"end":{"line":116,"column":61}},"39":{"start":{"line":117,"column":2},"end":{"line":118,"column":null}},"40":{"start":{"line":118,"column":4},"end":{"line":118,"column":null}},"41":{"start":{"line":128,"column":19},"end":{"line":128,"column":61}},"42":{"start":{"line":129,"column":8},"end":{"line":129,"column":53}},"43":{"start":{"line":130,"column":2},"end":{"line":130,"column":null}},"44":{"start":{"line":138,"column":22},"end":{"line":138,"column":58}},"45":{"start":{"line":139,"column":8},"end":{"line":139,"column":66}},"46":{"start":{"line":141,"column":2},"end":{"line":141,"column":null}},"47":{"start":{"line":142,"column":2},"end":{"line":142,"column":null}}},"fnMap":{"0":{"name":"validaInteiroPositivo","decl":{"start":{"line":10,"column":16},"end":{"line":10,"column":38}},"loc":{"start":{"line":10,"column":75},"end":{"line":20,"column":null}},"line":10},"1":{"name":"buildProgram","decl":{"start":{"line":23,"column":16},"end":{"line":23,"column":40}},"loc":{"start":{"line":23,"column":40},"end":{"line":82,"column":null}},"line":23},"2":{"name":"(anonymous_2)","decl":{"start":{"line":40,"column":6},"end":{"line":40,"column":13}},"loc":{"start":{"line":45,"column":12},"end":{"line":80,"column":null}},"line":45},"3":{"name":"validaEntrada","decl":{"start":{"line":91,"column":22},"end":{"line":91,"column":null}},"loc":{"start":{"line":94,"column":17},"end":{"line":118,"column":null}},"line":94},"4":{"name":"processaArquivo","decl":{"start":{"line":122,"column":22},"end":{"line":122,"column":null}},"loc":{"start":{"line":127,"column":17},"end":{"line":130,"column":null}},"line":127},"5":{"name":"criaESalvaArquivo","decl":{"start":{"line":133,"column":22},"end":{"line":133,"column":null}},"loc":{"start":{"line":137,"column":17},"end":{"line":142,"column":null}},"line":137}},"branchMap":{"0":{"loc":{"start":{"line":13,"column":2},"end":{"line":17,"column":null}},"type":"if","locations":[{"start":{"line":13,"column":2},"end":{"line":17,"column":null}},{"start":{},"end":{}}],"line":13},"1":{"loc":{"start":{"line":13,"column":6},"end":{"line":13,"column":43}},"type":"binary-expr","locations":[{"start":{"line":13,"column":6},"end":{"line":13,"column":26}},{"start":{"line":13,"column":30},"end":{"line":13,"column":43}}],"line":13},"2":{"loc":{"start":{"line":48,"column":8},"end":{"line":53,"column":null}},"type":"if","locations":[{"start":{"line":48,"column":8},"end":{"line":53,"column":null}},{"start":{},"end":{}}],"line":48},"3":{"loc":{"start":{"line":48,"column":12},"end":{"line":48,"column":32}},"type":"binary-expr","locations":[{"start":{"line":48,"column":12},"end":{"line":48,"column":22}},{"start":{"line":48,"column":22},"end":{"line":48,"column":32}}],"line":48},"4":{"loc":{"start":{"line":87,"column":0},"end":{"line":88,"column":null}},"type":"if","locations":[{"start":{"line":87,"column":0},"end":{"line":88,"column":null}},{"start":{},"end":{}}],"line":87},"5":{"loc":{"start":{"line":95,"column":2},"end":{"line":96,"column":null}},"type":"if","locations":[{"start":{"line":95,"column":2},"end":{"line":96,"column":null}},{"start":{},"end":{}}],"line":95},"6":{"loc":{"start":{"line":106,"column":2},"end":{"line":107,"column":null}},"type":"if","locations":[{"start":{"line":106,"column":2},"end":{"line":107,"column":null}},{"start":{},"end":{}}],"line":106},"7":{"loc":{"start":{"line":117,"column":2},"end":{"line":118,"column":null}},"type":"if","locations":[{"start":{"line":117,"column":2},"end":{"line":118,"column":null}},{"start":{},"end":{}}],"line":117}},"s":{"0":12,"1":12,"2":0,"3":0,"4":12,"5":8,"6":8,"7":7,"8":7,"9":1,"10":1,"11":1,"12":6,"13":6,"14":6,"15":6,"16":6,"17":6,"18":1,"19":1,"20":5,"21":5,"22":5,"23":8,"24":1,"25":1,"26":0,"27":11,"28":2,"29":9,"30":9,"31":2,"32":7,"33":7,"34":2,"35":5,"36":5,"37":2,"38":3,"39":3,"40":2,"41":6,"42":6,"43":6,"44":6,"45":6,"46":6,"47":6},"f":{"0":12,"1":8,"2":7,"3":11,"4":6,"5":6},"b":{"0":[0,12],"1":[12,12],"2":[1,6],"3":[7,6],"4":[0,1],"5":[2,9],"6":[2,5],"7":[2,1]},"meta":{"lastBranch":8,"lastFunction":6,"lastStatement":48,"seen":{"f:10:16:10:38":0,"s:11:17:11:36":0,"b:13:2:17:Infinity:undefined:undefined:undefined:undefined":0,"s:13:2:17:Infinity":1,"b:13:6:13:26:13:30:13:43":1,"s:14:4:16:Infinity":2,"s:17:4:17:Infinity":3,"s:20:2:20:Infinity":4,"f:23:16:23:40":1,"s:24:18:24:31":5,"s:26:2:80:Infinity":6,"f:40:6:40:13":2,"s:46:55:46:Infinity":7,"b:48:8:53:Infinity:undefined:undefined:undefined:undefined":2,"s:48:8:53:Infinity":8,"b:48:12:48:22:48:22:48:32":3,"s:49:10:51:Infinity":9,"s:52:10:52:Infinity":10,"s:53:10:53:Infinity":11,"s:56:31:56:77":12,"s:57:31:57:77":13,"s:59:29:59:48":14,"s:60:31:60:52":15,"s:62:8:76:Infinity":16,"s:63:10:63:Infinity":17,"s:65:10:70:Infinity":18,"s:71:10:71:Infinity":19,"s:73:10:76:Infinity":20,"s:74:12:74:Infinity":21,"s:76:12:76:Infinity":22,"s:82:2:82:Infinity":23,"s:85:23:85:37":24,"b:87:0:88:Infinity:undefined:undefined:undefined:undefined":4,"s:87:0:88:Infinity":25,"s:88:2:88:Infinity":26,"f:91:22:91:Infinity":3,"b:95:2:96:Infinity:undefined:undefined:undefined:undefined":5,"s:95:2:96:Infinity":27,"s:96:4:96:Infinity":28,"s:99:2:102:Infinity":29,"s:100:4:100:Infinity":30,"s:102:4:102:Infinity":31,"s:105:21:105:57":32,"b:106:2:107:Infinity:undefined:undefined:undefined:undefined":6,"s:106:2:107:Infinity":33,"s:107:4:107:Infinity":34,"s:110:2:113:Infinity":35,"s:111:4:111:Infinity":36,"s:113:4:113:Infinity":37,"s:116:23:116:61":38,"b:117:2:118:Infinity:undefined:undefined:undefined:undefined":7,"s:117:2:118:Infinity":39,"s:118:4:118:Infinity":40,"f:122:22:122:Infinity":4,"s:128:19:128:61":41,"s:129:8:129:53":42,"s:130:2:130:Infinity":43,"f:133:22:133:Infinity":5,"s:138:22:138:58":44,"s:139:8:139:66":45,"s:141:2:141:Infinity":46,"s:142:2:142:Infinity":47}}}
,"/mnt/wsl/PHYSICALDRIVE1/Alura/PrimeiraBiblioteca/src/helpers.ts": {"path":"/mnt/wsl/PHYSICALDRIVE1/Alura/PrimeiraBiblioteca/src/helpers.ts","statementMap":{"0":{"start":{"line":8,"column":2},"end":{"line":8,"column":null}},"1":{"start":{"line":8,"column":50},"end":{"line":8,"column":79}},"2":{"start":{"line":18,"column":17},"end":{"line":24,"column":55}},"3":{"start":{"line":20,"column":25},"end":{"line":20,"column":74}},"4":{"start":{"line":21,"column":6},"end":{"line":21,"column":null}},"5":{"start":{"line":21,"column":23},"end":{"line":21,"column":null}},"6":{"start":{"line":22,"column":6},"end":{"line":22,"column":null}},"7":{"start":{"line":24,"column":40},"end":{"line":24,"column":55}},"8":{"start":{"line":26,"column":2},"end":{"line":26,"column":null}}},"fnMap":{"0":{"name":"filtraOcorrencias","decl":{"start":{"line":4,"column":9},"end":{"line":4,"column":null}},"loc":{"start":{"line":7,"column":12},"end":{"line":8,"column":null}},"line":7},"1":{"name":"(anonymous_1)","decl":{"start":{"line":8,"column":32},"end":{"line":8,"column":40}},"loc":{"start":{"line":8,"column":50},"end":{"line":8,"column":79}},"line":8},"2":{"name":"montaSaidaArquivo","decl":{"start":{"line":14,"column":9},"end":{"line":14,"column":null}},"loc":{"start":{"line":17,"column":10},"end":{"line":26,"column":null}},"line":17},"3":{"name":"(anonymous_3)","decl":{"start":{"line":19,"column":5},"end":{"line":19,"column":10}},"loc":{"start":{"line":19,"column":31},"end":{"line":23,"column":null}},"line":19},"4":{"name":"(anonymous_4)","decl":{"start":{"line":24,"column":5},"end":{"line":24,"column":13}},"loc":{"start":{"line":24,"column":40},"end":{"line":24,"column":55}},"line":24}},"branchMap":{"0":{"loc":{"start":{"line":6,"column":2},"end":{"line":6,"column":null}},"type":"default-arg","locations":[{"start":{"line":6,"column":21},"end":{"line":6,"column":null}}],"line":6},"1":{"loc":{"start":{"line":16,"column":2},"end":{"line":16,"column":null}},"type":"default-arg","locations":[{"start":{"line":16,"column":21},"end":{"line":16,"column":null}}],"line":16},"2":{"loc":{"start":{"line":21,"column":6},"end":{"line":21,"column":null}},"type":"if","locations":[{"start":{"line":21,"column":6},"end":{"line":21,"column":null}},{"start":{},"end":{}}],"line":21},"3":{"loc":{"start":{"line":26,"column":9},"end":{"line":26,"column":null}},"type":"cond-expr","locations":[{"start":{"line":26,"column":29},"end":{"line":26,"column":56}},{"start":{"line":26,"column":56},"end":{"line":26,"column":null}}],"line":26}},"s":{"0":17,"1":41,"2":9,"3":17,"4":17,"5":5,"6":12,"7":17,"8":9},"f":{"0":17,"1":41,"2":9,"3":17,"4":17},"b":{"0":[17],"1":[9],"2":[5,12],"3":[8,1]},"meta":{"lastBranch":4,"lastFunction":5,"lastStatement":9,"seen":{"f:4:9:4:Infinity":0,"b:6:21:6:Infinity":0,"s:8:2:8:Infinity":0,"f:8:32:8:40":1,"s:8:50:8:79":1,"f:14:9:14:Infinity":2,"b:16:21:16:Infinity":1,"s:18:17:24:55":2,"f:19:5:19:10":3,"s:20:25:20:74":3,"b:21:6:21:Infinity:undefined:undefined:undefined:undefined":2,"s:21:6:21:Infinity":4,"s:21:23:21:Infinity":5,"s:22:6:22:Infinity":6,"f:24:5:24:13":4,"s:24:40:24:55":7,"s:26:2:26:Infinity":8,"b:26:29:26:56:26:56:26:Infinity":3}}}
,"/mnt/wsl/PHYSICALDRIVE1/Alura/PrimeiraBiblioteca/src/index.ts": {"path":"/mnt/wsl/PHYSICALDRIVE1/Alura/PrimeiraBiblioteca/src/index.ts","statementMap":{"0":{"start":{"line":8,"column":21},"end":{"line":8,"column":44}},"1":{"start":{"line":9,"column":19},"end":{"line":13,"column":null}},"2":{"start":{"line":10,"column":4},"end":{"line":10,"column":null}},"3":{"start":{"line":10,"column":20},"end":{"line":10,"column":null}},"4":{"start":{"line":12,"column":4},"end":{"line":12,"column":null}},"5":{"start":{"line":15,"column":2},"end":{"line":15,"column":null}},"6":{"start":{"line":22,"column":2},"end":{"line":25,"column":null}},"7":{"start":{"line":25,"column":27},"end":{"line":25,"column":51}},"8":{"start":{"line":33,"column":4},"end":{"line":33,"column":null}},"9":{"start":{"line":34,"column":2},"end":{"line":34,"column":null}},"10":{"start":{"line":44,"column":24},"end":{"line":44,"column":42}},"11":{"start":{"line":45,"column":44},"end":{"line":45,"column":46}},"12":{"start":{"line":47,"column":2},"end":{"line":53,"column":null}},"13":{"start":{"line":48,"column":25},"end":{"line":48,"column":47}},"14":{"start":{"line":49,"column":4},"end":{"line":49,"column":null}},"15":{"start":{"line":49,"column":23},"end":{"line":49,"column":null}},"16":{"start":{"line":50,"column":4},"end":{"line":50,"column":null}},"17":{"start":{"line":50,"column":40},"end":{"line":50,"column":null}},"18":{"start":{"line":52,"column":4},"end":{"line":52,"column":null}},"19":{"start":{"line":55,"column":2},"end":{"line":55,"column":null}}},"fnMap":{"0":{"name":"contaPalavras","decl":{"start":{"line":4,"column":16},"end":{"line":4,"column":null}},"loc":{"start":{"line":7,"column":28},"end":{"line":15,"column":null}},"line":7},"1":{"name":"(anonymous_1)","decl":{"start":{"line":9,"column":30},"end":{"line":9,"column":39}},"loc":{"start":{"line":9,"column":79},"end":{"line":13,"column":null}},"line":9},"2":{"name":"extraiParagrafos","decl":{"start":{"line":21,"column":16},"end":{"line":21,"column":33}},"loc":{"start":{"line":21,"column":58},"end":{"line":25,"column":null}},"line":21},"3":{"name":"(anonymous_3)","decl":{"start":{"line":25,"column":5},"end":{"line":25,"column":13}},"loc":{"start":{"line":25,"column":27},"end":{"line":25,"column":51}},"line":25},"4":{"name":"limpaPalavras","decl":{"start":{"line":31,"column":9},"end":{"line":31,"column":23}},"loc":{"start":{"line":31,"column":48},"end":{"line":34,"column":null}},"line":31},"5":{"name":"verificaPalavrasDuplicadas","decl":{"start":{"line":40,"column":9},"end":{"line":40,"column":null}},"loc":{"start":{"line":43,"column":26},"end":{"line":55,"column":null}},"line":43},"6":{"name":"(anonymous_6)","decl":{"start":{"line":47,"column":16},"end":{"line":47,"column":25}},"loc":{"start":{"line":47,"column":37},"end":{"line":53,"column":null}},"line":47}},"branchMap":{"0":{"loc":{"start":{"line":6,"column":2},"end":{"line":6,"column":null}},"type":"default-arg","locations":[{"start":{"line":6,"column":21},"end":{"line":6,"column":null}}],"line":6},"1":{"loc":{"start":{"line":10,"column":4},"end":{"line":10,"column":null}},"type":"if","locations":[{"start":{"line":10,"column":4},"end":{"line":10,"column":null}},{"start":{},"end":{}}],"line":10},"2":{"loc":{"start":{"line":49,"column":4},"end":{"line":49,"column":null}},"type":"if","locations":[{"start":{"line":49,"column":4},"end":{"line":49,"column":null}},{"start":{},"end":{}}],"line":49},"3":{"loc":{"start":{"line":50,"column":4},"end":{"line":50,"column":null}},"type":"if","locations":[{"start":{"line":50,"column":4},"end":{"line":50,"column":null}},{"start":{},"end":{}}],"line":50},"4":{"loc":{"start":{"line":52,"column":31},"end":{"line":52,"column":63}},"type":"binary-expr","locations":[{"start":{"line":52,"column":31},"end":{"line":52,"column":58}},{"start":{"line":52,"column":58},"end":{"line":52,"column":63}}],"line":52}},"s":{"0":26,"1":26,"2":39,"3":0,"4":39,"5":26,"6":26,"7":45,"8":118,"9":118,"10":39,"11":39,"12":39,"13":118,"14":118,"15":7,"16":111,"17":17,"18":94,"19":39},"f":{"0":26,"1":39,"2":26,"3":45,"4":118,"5":39,"6":118},"b":{"0":[26],"1":[0,39],"2":[7,111],"3":[17,94],"4":[94,85]},"meta":{"lastBranch":5,"lastFunction":7,"lastStatement":20,"seen":{"f:4:16:4:Infinity":0,"b:6:21:6:Infinity":0,"s:8:21:8:44":0,"s:9:19:13:Infinity":1,"f:9:30:9:39":1,"b:10:4:10:Infinity:undefined:undefined:undefined:undefined":1,"s:10:4:10:Infinity":2,"s:10:20:10:Infinity":3,"s:12:4:12:Infinity":4,"s:15:2:15:Infinity":5,"f:21:16:21:33":2,"s:22:2:25:Infinity":6,"f:25:5:25:13":3,"s:25:27:25:51":7,"f:31:9:31:23":4,"s:33:4:33:Infinity":8,"s:34:2:34:Infinity":9,"f:40:9:40:Infinity":5,"s:44:24:44:42":10,"s:45:44:45:46":11,"s:47:2:53:Infinity":12,"f:47:16:47:25":6,"s:48:25:48:47":13,"b:49:4:49:Infinity:undefined:undefined:undefined:undefined":2,"s:49:4:49:Infinity":14,"s:49:23:49:Infinity":15,"b:50:4:50:Infinity:undefined:undefined:undefined:undefined":3,"s:50:4:50:Infinity":16,"s:50:40:50:Infinity":17,"s:52:4:52:Infinity":18,"b:52:31:52:58:52:58:52:63":4,"s:55:2:55:Infinity":19}}}
,"/mnt/wsl/PHYSICALDRIVE1/Alura/PrimeiraBiblioteca/src/erros/funcoesErro.ts": {"path":"/mnt/wsl/PHYSICALDRIVE1/Alura/PrimeiraBiblioteca/src/erros/funcoesErro.ts","statementMap":{"0":{"start":{"line":4,"column":2},"end":{"line":20,"column":null}},"1":{"start":{"line":5,"column":44},"end":{"line":12,"column":null}},"2":{"start":{"line":14,"column":21},"end":{"line":14,"column":null}},"3":{"start":{"line":15,"column":29},"end":{"line":15,"column":48}},"4":{"start":{"line":16,"column":4},"end":{"line":16,"column":null}},"5":{"start":{"line":17,"column":4},"end":{"line":17,"column":null}},"6":{"start":{"line":20,"column":4},"end":{"line":20,"column":null}}},"fnMap":{"0":{"name":"trataErros","decl":{"start":{"line":3,"column":24},"end":{"line":3,"column":35}},"loc":{"start":{"line":3,"column":63},"end":{"line":20,"column":null}},"line":3}},"branchMap":{"0":{"loc":{"start":{"line":4,"column":2},"end":{"line":20,"column":null}},"type":"if","locations":[{"start":{"line":4,"column":2},"end":{"line":20,"column":null}},{"start":{"line":18,"column":9},"end":{"line":20,"column":null}}],"line":4},"1":{"loc":{"start":{"line":14,"column":21},"end":{"line":14,"column":null}},"type":"binary-expr","locations":[{"start":{"line":14,"column":21},"end":{"line":14,"column":43}},{"start":{"line":14,"column":43},"end":{"line":14,"column":null}}],"line":14}},"s":{"0":14,"1":8,"2":8,"3":8,"4":8,"5":8,"6":6},"f":{"0":14},"b":{"0":[8,6],"1":[8,1]},"meta":{"lastBranch":2,"lastFunction":1,"lastStatement":7,"seen":{"f:3:24:3:35":0,"b:4:2:20:Infinity:18:9:20:Infinity":0,"s:4:2:20:Infinity":0,"s:5:44:12:Infinity":1,"s:14:21:14:Infinity":2,"b:14:21:14:43:14:43:14:Infinity":1,"s:15:29:15:48":3,"s:16:4:16:Infinity":4,"s:17:4:17:Infinity":5,"s:20:4:20:Infinity":6}}}
}
