{"/mnt/wsl/PHYSICALDRIVE1/Alura/PrimeiraBiblioteca/dist/cli.js": {"path":"/mnt/wsl/PHYSICALDRIVE1/Alura/PrimeiraBiblioteca/dist/cli.js","statementMap":{"0":{"start":{"line":10,"column":19},"end":{"line":10,"column":38}},"1":{"start":{"line":11,"column":4},"end":{"line":14,"column":null}},"2":{"start":{"line":12,"column":8},"end":{"line":12,"column":null}},"3":{"start":{"line":13,"column":8},"end":{"line":13,"column":null}},"4":{"start":{"line":15,"column":4},"end":{"line":15,"column":null}},"5":{"start":{"line":18,"column":20},"end":{"line":18,"column":33}},"6":{"start":{"line":19,"column":4},"end":{"line":53,"column":null}},"7":{"start":{"line":28,"column":70},"end":{"line":28,"column":77}},"8":{"start":{"line":29,"column":8},"end":{"line":33,"column":null}},"9":{"start":{"line":30,"column":12},"end":{"line":30,"column":null}},"10":{"start":{"line":31,"column":12},"end":{"line":31,"column":null}},"11":{"start":{"line":32,"column":12},"end":{"line":32,"column":null}},"12":{"start":{"line":34,"column":31},"end":{"line":34,"column":79}},"13":{"start":{"line":35,"column":31},"end":{"line":35,"column":79}},"14":{"start":{"line":36,"column":25},"end":{"line":36,"column":44}},"15":{"start":{"line":37,"column":32},"end":{"line":37,"column":53}},"16":{"start":{"line":38,"column":8},"end":{"line":52,"column":null}},"17":{"start":{"line":39,"column":12},"end":{"line":39,"column":null}},"18":{"start":{"line":40,"column":12},"end":{"line":40,"column":null}},"19":{"start":{"line":41,"column":12},"end":{"line":43,"column":null}},"20":{"start":{"line":42,"column":16},"end":{"line":42,"column":null}},"21":{"start":{"line":46,"column":12},"end":{"line":51,"column":null}},"22":{"start":{"line":47,"column":15},"end":{"line":47,"column":null}},"23":{"start":{"line":50,"column":16},"end":{"line":50,"column":null}},"24":{"start":{"line":54,"column":4},"end":{"line":54,"column":null}},"25":{"start":{"line":56,"column":23},"end":{"line":56,"column":37}},"26":{"start":{"line":57,"column":0},"end":{"line":59,"column":null}},"27":{"start":{"line":58,"column":4},"end":{"line":58,"column":null}},"28":{"start":{"line":61,"column":4},"end":{"line":63,"column":null}},"29":{"start":{"line":62,"column":8},"end":{"line":62,"column":null}},"30":{"start":{"line":64,"column":4},"end":{"line":69,"column":null}},"31":{"start":{"line":65,"column":8},"end":{"line":65,"column":null}},"32":{"start":{"line":68,"column":8},"end":{"line":68,"column":null}},"33":{"start":{"line":70,"column":22},"end":{"line":70,"column":54}},"34":{"start":{"line":71,"column":4},"end":{"line":73,"column":null}},"35":{"start":{"line":72,"column":8},"end":{"line":72,"column":null}},"36":{"start":{"line":74,"column":4},"end":{"line":79,"column":null}},"37":{"start":{"line":75,"column":8},"end":{"line":75,"column":null}},"38":{"start":{"line":78,"column":8},"end":{"line":78,"column":null}},"39":{"start":{"line":80,"column":29},"end":{"line":80,"column":68}},"40":{"start":{"line":81,"column":4},"end":{"line":83,"column":null}},"41":{"start":{"line":82,"column":8},"end":{"line":82,"column":null}},"42":{"start":{"line":86,"column":20},"end":{"line":86,"column":61}},"43":{"start":{"line":87,"column":18},"end":{"line":87,"column":48}},"44":{"start":{"line":88,"column":4},"end":{"line":88,"column":null}},"45":{"start":{"line":91,"column":20},"end":{"line":91,"column":54}},"46":{"start":{"line":92,"column":22},"end":{"line":92,"column":60}},"47":{"start":{"line":93,"column":4},"end":{"line":93,"column":null}},"48":{"start":{"line":94,"column":4},"end":{"line":96,"column":null}},"49":{"start":{"line":95,"column":8},"end":{"line":95,"column":null}}},"fnMap":{"0":{"name":"validatePositiveInteger","decl":{"start":{"line":9,"column":16},"end":{"line":9,"column":39}},"loc":{"start":{"line":9,"column":53},"end":{"line":16,"column":null}},"line":9},"1":{"name":"buildProgram","decl":{"start":{"line":17,"column":16},"end":{"line":17,"column":28}},"loc":{"start":{"line":17,"column":31},"end":{"line":55,"column":null}},"line":17},"2":{"name":"(anonymous_2)","decl":{"start":{"line":27,"column":16},"end":{"line":27,"column":21}},"loc":{"start":{"line":27,"column":35},"end":{"line":53,"column":5}},"line":27},"3":{"name":"validateInput","decl":{"start":{"line":60,"column":22},"end":{"line":60,"column":35}},"loc":{"start":{"line":60,"column":71},"end":{"line":84,"column":null}},"line":60},"4":{"name":"processFile","decl":{"start":{"line":85,"column":22},"end":{"line":85,"column":33}},"loc":{"start":{"line":85,"column":92},"end":{"line":89,"column":null}},"line":85},"5":{"name":"createAndSaveFile","decl":{"start":{"line":90,"column":22},"end":{"line":90,"column":39}},"loc":{"start":{"line":90,"column":110},"end":{"line":97,"column":null}},"line":90}},"branchMap":{"0":{"loc":{"start":{"line":11,"column":4},"end":{"line":14,"column":null}},"type":"if","locations":[{"start":{"line":11,"column":4},"end":{"line":14,"column":null}},{"start":{},"end":{}}],"line":11},"1":{"loc":{"start":{"line":11,"column":8},"end":{"line":11,"column":43}},"type":"binary-expr","locations":[{"start":{"line":11,"column":8},"end":{"line":11,"column":28}},{"start":{"line":11,"column":32},"end":{"line":11,"column":43}}],"line":11},"2":{"loc":{"start":{"line":29,"column":8},"end":{"line":33,"column":null}},"type":"if","locations":[{"start":{"line":29,"column":8},"end":{"line":33,"column":null}},{"start":{},"end":{}}],"line":29},"3":{"loc":{"start":{"line":29,"column":12},"end":{"line":29,"column":30}},"type":"binary-expr","locations":[{"start":{"line":29,"column":12},"end":{"line":29,"column":18}},{"start":{"line":29,"column":22},"end":{"line":29,"column":30}}],"line":29},"4":{"loc":{"start":{"line":41,"column":12},"end":{"line":43,"column":null}},"type":"if","locations":[{"start":{"line":41,"column":12},"end":{"line":43,"column":null}},{"start":{},"end":{}}],"line":41},"5":{"loc":{"start":{"line":57,"column":0},"end":{"line":59,"column":null}},"type":"if","locations":[{"start":{"line":57,"column":0},"end":{"line":59,"column":null}},{"start":{},"end":{}}],"line":57},"6":{"loc":{"start":{"line":61,"column":4},"end":{"line":63,"column":null}},"type":"if","locations":[{"start":{"line":61,"column":4},"end":{"line":63,"column":null}},{"start":{},"end":{}}],"line":61},"7":{"loc":{"start":{"line":71,"column":4},"end":{"line":73,"column":null}},"type":"if","locations":[{"start":{"line":71,"column":4},"end":{"line":73,"column":null}},{"start":{},"end":{}}],"line":71},"8":{"loc":{"start":{"line":81,"column":4},"end":{"line":83,"column":null}},"type":"if","locations":[{"start":{"line":81,"column":4},"end":{"line":83,"column":null}},{"start":{},"end":{}}],"line":81},"9":{"loc":{"start":{"line":90,"column":73},"end":{"line":90,"column":101}},"type":"default-arg","locations":[{"start":{"line":90,"column":86},"end":{"line":90,"column":101}}],"line":90},"10":{"loc":{"start":{"line":94,"column":4},"end":{"line":96,"column":null}},"type":"if","locations":[{"start":{"line":94,"column":4},"end":{"line":96,"column":null}},{"start":{},"end":{}}],"line":94}},"s":{"0":12,"1":12,"2":0,"3":0,"4":12,"5":8,"6":8,"7":7,"8":7,"9":1,"10":1,"11":1,"12":6,"13":6,"14":6,"15":6,"16":6,"17":6,"18":1,"19":1,"20":1,"21":5,"22":5,"23":5,"24":8,"25":1,"26":1,"27":0,"28":11,"29":2,"30":9,"31":9,"32":2,"33":7,"34":7,"35":2,"36":5,"37":5,"38":2,"39":3,"40":3,"41":2,"42":9,"43":9,"44":9,"45":9,"46":9,"47":9,"48":9,"49":7},"f":{"0":12,"1":8,"2":7,"3":11,"4":9,"5":9},"b":{"0":[0,12],"1":[12,12],"2":[1,6],"3":[7,6],"4":[1,0],"5":[0,1],"6":[2,9],"7":[2,5],"8":[2,1],"9":[9],"10":[7,2]},"meta":{"lastBranch":11,"lastFunction":6,"lastStatement":50,"seen":{"f:9:16:9:39":0,"s:10:19:10:38":0,"b:11:4:14:Infinity:undefined:undefined:undefined:undefined":0,"s:11:4:14:Infinity":1,"b:11:8:11:28:11:32:11:43":1,"s:12:8:12:Infinity":2,"s:13:8:13:Infinity":3,"s:15:4:15:Infinity":4,"f:17:16:17:28":1,"s:18:20:18:33":5,"s:19:4:53:Infinity":6,"f:27:16:27:21":2,"s:28:70:28:77":7,"b:29:8:33:Infinity:undefined:undefined:undefined:undefined":2,"s:29:8:33:Infinity":8,"b:29:12:29:18:29:22:29:30":3,"s:30:12:30:Infinity":9,"s:31:12:31:Infinity":10,"s:32:12:32:Infinity":11,"s:34:31:34:79":12,"s:35:31:35:79":13,"s:36:25:36:44":14,"s:37:32:37:53":15,"s:38:8:52:Infinity":16,"s:39:12:39:Infinity":17,"s:40:12:40:Infinity":18,"b:41:12:43:Infinity:undefined:undefined:undefined:undefined":4,"s:41:12:43:Infinity":19,"s:42:16:42:Infinity":20,"s:46:12:51:Infinity":21,"s:47:15:47:Infinity":22,"s:50:16:50:Infinity":23,"s:54:4:54:Infinity":24,"s:56:23:56:37":25,"b:57:0:59:Infinity:undefined:undefined:undefined:undefined":5,"s:57:0:59:Infinity":26,"s:58:4:58:Infinity":27,"f:60:22:60:35":3,"b:61:4:63:Infinity:undefined:undefined:undefined:undefined":6,"s:61:4:63:Infinity":28,"s:62:8:62:Infinity":29,"s:64:4:69:Infinity":30,"s:65:8:65:Infinity":31,"s:68:8:68:Infinity":32,"s:70:22:70:54":33,"b:71:4:73:Infinity:undefined:undefined:undefined:undefined":7,"s:71:4:73:Infinity":34,"s:72:8:72:Infinity":35,"s:74:4:79:Infinity":36,"s:75:8:75:Infinity":37,"s:78:8:78:Infinity":38,"s:80:29:80:68":39,"b:81:4:83:Infinity:undefined:undefined:undefined:undefined":8,"s:81:4:83:Infinity":40,"s:82:8:82:Infinity":41,"f:85:22:85:33":4,"s:86:20:86:61":42,"s:87:18:87:48":43,"s:88:4:88:Infinity":44,"f:90:22:90:39":5,"b:90:86:90:101":9,"s:91:20:91:54":45,"s:92:22:92:60":46,"s:93:4:93:Infinity":47,"b:94:4:96:Infinity:undefined:undefined:undefined:undefined":10,"s:94:4:96:Infinity":48,"s:95:8:95:Infinity":49}}}
,"/mnt/wsl/PHYSICALDRIVE1/Alura/PrimeiraBiblioteca/dist/helpers.js": {"path":"/mnt/wsl/PHYSICALDRIVE1/Alura/PrimeiraBiblioteca/dist/helpers.js","statementMap":{"0":{"start":{"line":5,"column":4},"end":{"line":5,"column":null}},"1":{"start":{"line":5,"column":50},"end":{"line":5,"column":76}},"2":{"start":{"line":11,"column":18},"end":{"line":18,"column":40}},"3":{"start":{"line":13,"column":25},"end":{"line":13,"column":74}},"4":{"start":{"line":14,"column":8},"end":{"line":15,"column":null}},"5":{"start":{"line":15,"column":12},"end":{"line":15,"column":null}},"6":{"start":{"line":16,"column":8},"end":{"line":16,"column":null}},"7":{"start":{"line":18,"column":26},"end":{"line":18,"column":39}},"8":{"start":{"line":19,"column":4},"end":{"line":19,"column":null}}},"fnMap":{"0":{"name":"filterOccurrences","decl":{"start":{"line":4,"column":9},"end":{"line":4,"column":26}},"loc":{"start":{"line":4,"column":52},"end":{"line":6,"column":null}},"line":4},"1":{"name":"(anonymous_1)","decl":{"start":{"line":5,"column":41},"end":{"line":5,"column":42}},"loc":{"start":{"line":5,"column":50},"end":{"line":5,"column":76}},"line":5},"2":{"name":"buildOutputFormat","decl":{"start":{"line":10,"column":9},"end":{"line":10,"column":26}},"loc":{"start":{"line":10,"column":51},"end":{"line":20,"column":null}},"line":10},"3":{"name":"(anonymous_3)","decl":{"start":{"line":12,"column":13},"end":{"line":12,"column":14}},"loc":{"start":{"line":12,"column":35},"end":{"line":17,"column":5}},"line":12},"4":{"name":"(anonymous_4)","decl":{"start":{"line":18,"column":16},"end":{"line":18,"column":17}},"loc":{"start":{"line":18,"column":26},"end":{"line":18,"column":39}},"line":18}},"branchMap":{"0":{"loc":{"start":{"line":4,"column":38},"end":{"line":4,"column":50}},"type":"default-arg","locations":[{"start":{"line":4,"column":49},"end":{"line":4,"column":50}}],"line":4},"1":{"loc":{"start":{"line":10,"column":37},"end":{"line":10,"column":49}},"type":"default-arg","locations":[{"start":{"line":10,"column":48},"end":{"line":10,"column":49}}],"line":10},"2":{"loc":{"start":{"line":14,"column":8},"end":{"line":15,"column":null}},"type":"if","locations":[{"start":{"line":14,"column":8},"end":{"line":15,"column":null}},{"start":{},"end":{}}],"line":14},"3":{"loc":{"start":{"line":19,"column":11},"end":{"line":19,"column":58}},"type":"cond-expr","locations":[{"start":{"line":19,"column":30},"end":{"line":19,"column":53}},{"start":{"line":19,"column":56},"end":{"line":19,"column":58}}],"line":19}},"s":{"0":22,"1":51,"2":12,"3":22,"4":22,"5":7,"6":15,"7":22,"8":12},"f":{"0":22,"1":51,"2":12,"3":22,"4":22},"b":{"0":[22],"1":[12],"2":[7,15],"3":[11,1]},"meta":{"lastBranch":4,"lastFunction":5,"lastStatement":9,"seen":{"f:4:9:4:26":0,"b:4:49:4:50":0,"s:5:4:5:Infinity":0,"f:5:41:5:42":1,"s:5:50:5:76":1,"f:10:9:10:26":2,"b:10:48:10:49":1,"s:11:18:18:40":2,"f:12:13:12:14":3,"s:13:25:13:74":3,"b:14:8:15:Infinity:undefined:undefined:undefined:undefined":2,"s:14:8:15:Infinity":4,"s:15:12:15:Infinity":5,"s:16:8:16:Infinity":6,"f:18:16:18:17":4,"s:18:26:18:39":7,"s:19:4:19:Infinity":8,"b:19:30:19:53:19:56:19:58":3}}}
,"/mnt/wsl/PHYSICALDRIVE1/Alura/PrimeiraBiblioteca/dist/index.js": {"path":"/mnt/wsl/PHYSICALDRIVE1/Alura/PrimeiraBiblioteca/dist/index.js","statementMap":{"0":{"start":{"line":5,"column":23},"end":{"line":5,"column":46}},"1":{"start":{"line":6,"column":18},"end":{"line":10,"column":6}},"2":{"start":{"line":7,"column":8},"end":{"line":8,"column":null}},"3":{"start":{"line":8,"column":12},"end":{"line":8,"column":null}},"4":{"start":{"line":9,"column":8},"end":{"line":9,"column":null}},"5":{"start":{"line":11,"column":4},"end":{"line":11,"column":null}},"6":{"start":{"line":17,"column":4},"end":{"line":20,"column":null}},"7":{"start":{"line":20,"column":31},"end":{"line":20,"column":54}},"8":{"start":{"line":26,"column":18},"end":{"line":26,"column":109}},"9":{"start":{"line":27,"column":4},"end":{"line":27,"column":null}},"10":{"start":{"line":33,"column":21},"end":{"line":33,"column":38}},"11":{"start":{"line":34,"column":19},"end":{"line":34,"column":21}},"12":{"start":{"line":35,"column":4},"end":{"line":42,"column":null}},"13":{"start":{"line":36,"column":28},"end":{"line":36,"column":43}},"14":{"start":{"line":37,"column":8},"end":{"line":38,"column":null}},"15":{"start":{"line":38,"column":12},"end":{"line":38,"column":null}},"16":{"start":{"line":39,"column":8},"end":{"line":40,"column":null}},"17":{"start":{"line":40,"column":12},"end":{"line":40,"column":null}},"18":{"start":{"line":41,"column":8},"end":{"line":41,"column":null}},"19":{"start":{"line":43,"column":4},"end":{"line":43,"column":null}}},"fnMap":{"0":{"name":"countWords","decl":{"start":{"line":4,"column":16},"end":{"line":4,"column":26}},"loc":{"start":{"line":4,"column":47},"end":{"line":12,"column":null}},"line":4},"1":{"name":"(anonymous_1)","decl":{"start":{"line":6,"column":37},"end":{"line":6,"column":38}},"loc":{"start":{"line":6,"column":52},"end":{"line":10,"column":5}},"line":6},"2":{"name":"extractParagraphs","decl":{"start":{"line":16,"column":16},"end":{"line":16,"column":33}},"loc":{"start":{"line":16,"column":40},"end":{"line":21,"column":null}},"line":16},"3":{"name":"(anonymous_3)","decl":{"start":{"line":20,"column":16},"end":{"line":20,"column":17}},"loc":{"start":{"line":20,"column":31},"end":{"line":20,"column":54}},"line":20},"4":{"name":"cleanWord","decl":{"start":{"line":25,"column":9},"end":{"line":25,"column":18}},"loc":{"start":{"line":25,"column":25},"end":{"line":28,"column":null}},"line":25},"5":{"name":"analyzeWordFrequency","decl":{"start":{"line":32,"column":9},"end":{"line":32,"column":29}},"loc":{"start":{"line":32,"column":46},"end":{"line":44,"column":null}},"line":32},"6":{"name":"(anonymous_6)","decl":{"start":{"line":35,"column":21},"end":{"line":35,"column":22}},"loc":{"start":{"line":35,"column":31},"end":{"line":42,"column":5}},"line":35}},"branchMap":{"0":{"loc":{"start":{"line":4,"column":33},"end":{"line":4,"column":45}},"type":"default-arg","locations":[{"start":{"line":4,"column":44},"end":{"line":4,"column":45}}],"line":4},"1":{"loc":{"start":{"line":7,"column":8},"end":{"line":8,"column":null}},"type":"if","locations":[{"start":{"line":7,"column":8},"end":{"line":8,"column":null}},{"start":{},"end":{}}],"line":7},"2":{"loc":{"start":{"line":37,"column":8},"end":{"line":38,"column":null}},"type":"if","locations":[{"start":{"line":37,"column":8},"end":{"line":38,"column":null}},{"start":{},"end":{}}],"line":37},"3":{"loc":{"start":{"line":39,"column":8},"end":{"line":40,"column":null}},"type":"if","locations":[{"start":{"line":39,"column":8},"end":{"line":40,"column":null}},{"start":{},"end":{}}],"line":39},"4":{"loc":{"start":{"line":41,"column":31},"end":{"line":41,"column":55}},"type":"binary-expr","locations":[{"start":{"line":41,"column":31},"end":{"line":41,"column":50}},{"start":{"line":41,"column":54},"end":{"line":41,"column":55}}],"line":41}},"s":{"0":29,"1":29,"2":44,"3":0,"4":44,"5":29,"6":29,"7":50,"8":131,"9":131,"10":44,"11":44,"12":44,"13":131,"14":131,"15":7,"16":124,"17":17,"18":107,"19":44},"f":{"0":29,"1":44,"2":29,"3":50,"4":131,"5":44,"6":131},"b":{"0":[29],"1":[0,44],"2":[7,124],"3":[17,107],"4":[107,95]},"meta":{"lastBranch":5,"lastFunction":7,"lastStatement":20,"seen":{"f:4:16:4:26":0,"b:4:44:4:45":0,"s:5:23:5:46":0,"s:6:18:10:6":1,"f:6:37:6:38":1,"b:7:8:8:Infinity:undefined:undefined:undefined:undefined":1,"s:7:8:8:Infinity":2,"s:8:12:8:Infinity":3,"s:9:8:9:Infinity":4,"s:11:4:11:Infinity":5,"f:16:16:16:33":2,"s:17:4:20:Infinity":6,"f:20:16:20:17":3,"s:20:31:20:54":7,"f:25:9:25:18":4,"s:26:18:26:109":8,"s:27:4:27:Infinity":9,"f:32:9:32:29":5,"s:33:21:33:38":10,"s:34:19:34:21":11,"s:35:4:42:Infinity":12,"f:35:21:35:22":6,"s:36:28:36:43":13,"b:37:8:38:Infinity:undefined:undefined:undefined:undefined":2,"s:37:8:38:Infinity":14,"s:38:12:38:Infinity":15,"b:39:8:40:Infinity:undefined:undefined:undefined:undefined":3,"s:39:8:40:Infinity":16,"s:40:12:40:Infinity":17,"s:41:8:41:Infinity":18,"b:41:31:41:50:41:54:41:55":4,"s:43:4:43:Infinity":19}}}
,"/mnt/wsl/PHYSICALDRIVE1/Alura/PrimeiraBiblioteca/dist/erros/funcoesErro.js": {"path":"/mnt/wsl/PHYSICALDRIVE1/Alura/PrimeiraBiblioteca/dist/erros/funcoesErro.js","statementMap":{"0":{"start":{"line":2,"column":4},"end":{"line":19,"column":null}},"1":{"start":{"line":3,"column":24},"end":{"line":10,"column":9}},"2":{"start":{"line":11,"column":25},"end":{"line":11,"column":70}},"3":{"start":{"line":12,"column":33},"end":{"line":12,"column":52}},"4":{"start":{"line":13,"column":8},"end":{"line":13,"column":44}},"5":{"start":{"line":14,"column":8},"end":{"line":14,"column":null}},"6":{"start":{"line":18,"column":8},"end":{"line":18,"column":null}}},"fnMap":{"0":{"name":"trataErros","decl":{"start":{"line":1,"column":24},"end":{"line":1,"column":34}},"loc":{"start":{"line":1,"column":41},"end":{"line":20,"column":null}},"line":1}},"branchMap":{"0":{"loc":{"start":{"line":2,"column":4},"end":{"line":19,"column":null}},"type":"if","locations":[{"start":{"line":2,"column":4},"end":{"line":19,"column":null}},{"start":{"line":16,"column":9},"end":{"line":19,"column":null}}],"line":2},"1":{"loc":{"start":{"line":11,"column":25},"end":{"line":11,"column":70}},"type":"binary-expr","locations":[{"start":{"line":11,"column":25},"end":{"line":11,"column":43}},{"start":{"line":11,"column":47},"end":{"line":11,"column":70}}],"line":11}},"s":{"0":14,"1":8,"2":8,"3":8,"4":8,"5":8,"6":6},"f":{"0":14},"b":{"0":[8,6],"1":[8,1]},"meta":{"lastBranch":2,"lastFunction":1,"lastStatement":7,"seen":{"f:1:24:1:34":0,"b:2:4:19:Infinity:16:9:19:Infinity":0,"s:2:4:19:Infinity":0,"s:3:24:10:9":1,"s:11:25:11:70":2,"b:11:25:11:43:11:47:11:70":1,"s:12:33:12:52":3,"s:13:8:13:44":4,"s:14:8:14:Infinity":5,"s:18:8:18:Infinity":6}}}
,"/mnt/wsl/PHYSICALDRIVE1/Alura/PrimeiraBiblioteca/dist/src/cli.js": {"path":"/mnt/wsl/PHYSICALDRIVE1/Alura/PrimeiraBiblioteca/dist/src/cli.js","statementMap":{"0":{"start":{"line":10,"column":19},"end":{"line":10,"column":38}},"1":{"start":{"line":11,"column":4},"end":{"line":14,"column":null}},"2":{"start":{"line":12,"column":8},"end":{"line":12,"column":null}},"3":{"start":{"line":13,"column":8},"end":{"line":13,"column":null}},"4":{"start":{"line":15,"column":4},"end":{"line":15,"column":null}},"5":{"start":{"line":18,"column":20},"end":{"line":18,"column":33}},"6":{"start":{"line":19,"column":4},"end":{"line":49,"column":null}},"7":{"start":{"line":26,"column":55},"end":{"line":26,"column":62}},"8":{"start":{"line":27,"column":8},"end":{"line":31,"column":null}},"9":{"start":{"line":28,"column":12},"end":{"line":28,"column":null}},"10":{"start":{"line":29,"column":12},"end":{"line":29,"column":null}},"11":{"start":{"line":30,"column":12},"end":{"line":30,"column":null}},"12":{"start":{"line":32,"column":31},"end":{"line":32,"column":77}},"13":{"start":{"line":33,"column":31},"end":{"line":33,"column":77}},"14":{"start":{"line":34,"column":29},"end":{"line":34,"column":48}},"15":{"start":{"line":35,"column":31},"end":{"line":35,"column":52}},"16":{"start":{"line":36,"column":8},"end":{"line":48,"column":null}},"17":{"start":{"line":37,"column":12},"end":{"line":37,"column":null}},"18":{"start":{"line":38,"column":12},"end":{"line":38,"column":null}},"19":{"start":{"line":39,"column":12},"end":{"line":39,"column":null}},"20":{"start":{"line":42,"column":12},"end":{"line":47,"column":null}},"21":{"start":{"line":43,"column":15},"end":{"line":43,"column":null}},"22":{"start":{"line":46,"column":16},"end":{"line":46,"column":null}},"23":{"start":{"line":50,"column":4},"end":{"line":50,"column":null}},"24":{"start":{"line":52,"column":23},"end":{"line":52,"column":37}},"25":{"start":{"line":53,"column":0},"end":{"line":55,"column":null}},"26":{"start":{"line":54,"column":4},"end":{"line":54,"column":null}},"27":{"start":{"line":57,"column":4},"end":{"line":59,"column":null}},"28":{"start":{"line":58,"column":8},"end":{"line":58,"column":null}},"29":{"start":{"line":60,"column":4},"end":{"line":65,"column":null}},"30":{"start":{"line":61,"column":8},"end":{"line":61,"column":null}},"31":{"start":{"line":64,"column":8},"end":{"line":64,"column":null}},"32":{"start":{"line":66,"column":23},"end":{"line":66,"column":59}},"33":{"start":{"line":67,"column":4},"end":{"line":69,"column":null}},"34":{"start":{"line":68,"column":8},"end":{"line":68,"column":null}},"35":{"start":{"line":70,"column":4},"end":{"line":75,"column":null}},"36":{"start":{"line":71,"column":8},"end":{"line":71,"column":null}},"37":{"start":{"line":74,"column":8},"end":{"line":74,"column":null}},"38":{"start":{"line":76,"column":25},"end":{"line":76,"column":63}},"39":{"start":{"line":77,"column":4},"end":{"line":79,"column":null}},"40":{"start":{"line":78,"column":8},"end":{"line":78,"column":null}},"41":{"start":{"line":82,"column":21},"end":{"line":82,"column":63}},"42":{"start":{"line":83,"column":21},"end":{"line":83,"column":55}},"43":{"start":{"line":84,"column":4},"end":{"line":84,"column":null}},"44":{"start":{"line":87,"column":24},"end":{"line":87,"column":51}},"45":{"start":{"line":88,"column":25},"end":{"line":88,"column":68}},"46":{"start":{"line":89,"column":4},"end":{"line":89,"column":null}},"47":{"start":{"line":90,"column":4},"end":{"line":90,"column":null}}},"fnMap":{"0":{"name":"validaInteiroPositivo","decl":{"start":{"line":9,"column":16},"end":{"line":9,"column":37}},"loc":{"start":{"line":9,"column":51},"end":{"line":16,"column":null}},"line":9},"1":{"name":"buildProgram","decl":{"start":{"line":17,"column":16},"end":{"line":17,"column":28}},"loc":{"start":{"line":17,"column":31},"end":{"line":51,"column":null}},"line":17},"2":{"name":"(anonymous_2)","decl":{"start":{"line":25,"column":16},"end":{"line":25,"column":21}},"loc":{"start":{"line":25,"column":35},"end":{"line":49,"column":5}},"line":25},"3":{"name":"validaEntrada","decl":{"start":{"line":56,"column":22},"end":{"line":56,"column":35}},"loc":{"start":{"line":56,"column":66},"end":{"line":80,"column":null}},"line":56},"4":{"name":"processaArquivo","decl":{"start":{"line":81,"column":22},"end":{"line":81,"column":37}},"loc":{"start":{"line":81,"column":74},"end":{"line":85,"column":null}},"line":81},"5":{"name":"criaESalvaArquivo","decl":{"start":{"line":86,"column":22},"end":{"line":86,"column":39}},"loc":{"start":{"line":86,"column":75},"end":{"line":91,"column":null}},"line":86}},"branchMap":{"0":{"loc":{"start":{"line":11,"column":4},"end":{"line":14,"column":null}},"type":"if","locations":[{"start":{"line":11,"column":4},"end":{"line":14,"column":null}},{"start":{},"end":{}}],"line":11},"1":{"loc":{"start":{"line":11,"column":8},"end":{"line":11,"column":43}},"type":"binary-expr","locations":[{"start":{"line":11,"column":8},"end":{"line":11,"column":28}},{"start":{"line":11,"column":32},"end":{"line":11,"column":43}}],"line":11},"2":{"loc":{"start":{"line":27,"column":8},"end":{"line":31,"column":null}},"type":"if","locations":[{"start":{"line":27,"column":8},"end":{"line":31,"column":null}},{"start":{},"end":{}}],"line":27},"3":{"loc":{"start":{"line":27,"column":12},"end":{"line":27,"column":30}},"type":"binary-expr","locations":[{"start":{"line":27,"column":12},"end":{"line":27,"column":18}},{"start":{"line":27,"column":22},"end":{"line":27,"column":30}}],"line":27},"4":{"loc":{"start":{"line":53,"column":0},"end":{"line":55,"column":null}},"type":"if","locations":[{"start":{"line":53,"column":0},"end":{"line":55,"column":null}},{"start":{},"end":{}}],"line":53},"5":{"loc":{"start":{"line":57,"column":4},"end":{"line":59,"column":null}},"type":"if","locations":[{"start":{"line":57,"column":4},"end":{"line":59,"column":null}},{"start":{},"end":{}}],"line":57},"6":{"loc":{"start":{"line":67,"column":4},"end":{"line":69,"column":null}},"type":"if","locations":[{"start":{"line":67,"column":4},"end":{"line":69,"column":null}},{"start":{},"end":{}}],"line":67},"7":{"loc":{"start":{"line":77,"column":4},"end":{"line":79,"column":null}},"type":"if","locations":[{"start":{"line":77,"column":4},"end":{"line":79,"column":null}},{"start":{},"end":{}}],"line":77}},"s":{"0":12,"1":12,"2":0,"3":0,"4":12,"5":8,"6":8,"7":7,"8":7,"9":1,"10":1,"11":1,"12":6,"13":6,"14":6,"15":6,"16":6,"17":6,"18":1,"19":1,"20":5,"21":5,"22":5,"23":8,"24":1,"25":1,"26":0,"27":11,"28":2,"29":9,"30":9,"31":2,"32":7,"33":7,"34":2,"35":5,"36":5,"37":2,"38":3,"39":3,"40":2,"41":1,"42":1,"43":1,"44":1,"45":1,"46":1,"47":1},"f":{"0":12,"1":8,"2":7,"3":11,"4":1,"5":1},"b":{"0":[0,12],"1":[12,12],"2":[1,6],"3":[7,6],"4":[0,1],"5":[2,9],"6":[2,5],"7":[2,1]},"meta":{"lastBranch":8,"lastFunction":6,"lastStatement":48,"seen":{"f:9:16:9:37":0,"s:10:19:10:38":0,"b:11:4:14:Infinity:undefined:undefined:undefined:undefined":0,"s:11:4:14:Infinity":1,"b:11:8:11:28:11:32:11:43":1,"s:12:8:12:Infinity":2,"s:13:8:13:Infinity":3,"s:15:4:15:Infinity":4,"f:17:16:17:28":1,"s:18:20:18:33":5,"s:19:4:49:Infinity":6,"f:25:16:25:21":2,"s:26:55:26:62":7,"b:27:8:31:Infinity:undefined:undefined:undefined:undefined":2,"s:27:8:31:Infinity":8,"b:27:12:27:18:27:22:27:30":3,"s:28:12:28:Infinity":9,"s:29:12:29:Infinity":10,"s:30:12:30:Infinity":11,"s:32:31:32:77":12,"s:33:31:33:77":13,"s:34:29:34:48":14,"s:35:31:35:52":15,"s:36:8:48:Infinity":16,"s:37:12:37:Infinity":17,"s:38:12:38:Infinity":18,"s:39:12:39:Infinity":19,"s:42:12:47:Infinity":20,"s:43:15:43:Infinity":21,"s:46:16:46:Infinity":22,"s:50:4:50:Infinity":23,"s:52:23:52:37":24,"b:53:0:55:Infinity:undefined:undefined:undefined:undefined":4,"s:53:0:55:Infinity":25,"s:54:4:54:Infinity":26,"f:56:22:56:35":3,"b:57:4:59:Infinity:undefined:undefined:undefined:undefined":5,"s:57:4:59:Infinity":27,"s:58:8:58:Infinity":28,"s:60:4:65:Infinity":29,"s:61:8:61:Infinity":30,"s:64:8:64:Infinity":31,"s:66:23:66:59":32,"b:67:4:69:Infinity:undefined:undefined:undefined:undefined":6,"s:67:4:69:Infinity":33,"s:68:8:68:Infinity":34,"s:70:4:75:Infinity":35,"s:71:8:71:Infinity":36,"s:74:8:74:Infinity":37,"s:76:25:76:63":38,"b:77:4:79:Infinity:undefined:undefined:undefined:undefined":7,"s:77:4:79:Infinity":39,"s:78:8:78:Infinity":40,"f:81:22:81:37":4,"s:82:21:82:63":41,"s:83:21:83:55":42,"s:84:4:84:Infinity":43,"f:86:22:86:39":5,"s:87:24:87:51":44,"s:88:25:88:68":45,"s:89:4:89:Infinity":46,"s:90:4:90:Infinity":47}}}
,"/mnt/wsl/PHYSICALDRIVE1/Alura/PrimeiraBiblioteca/dist/src/helpers.js": {"path":"/mnt/wsl/PHYSICALDRIVE1/Alura/PrimeiraBiblioteca/dist/src/helpers.js","statementMap":{"0":{"start":{"line":5,"column":4},"end":{"line":5,"column":null}},"1":{"start":{"line":5,"column":52},"end":{"line":5,"column":80}},"2":{"start":{"line":11,"column":19},"end":{"line":18,"column":42}},"3":{"start":{"line":13,"column":27},"end":{"line":13,"column":76}},"4":{"start":{"line":14,"column":8},"end":{"line":15,"column":null}},"5":{"start":{"line":15,"column":12},"end":{"line":15,"column":null}},"6":{"start":{"line":16,"column":8},"end":{"line":16,"column":null}},"7":{"start":{"line":18,"column":27},"end":{"line":18,"column":41}},"8":{"start":{"line":19,"column":4},"end":{"line":19,"column":null}}},"fnMap":{"0":{"name":"filtraOcorrencias","decl":{"start":{"line":4,"column":9},"end":{"line":4,"column":26}},"loc":{"start":{"line":4,"column":52},"end":{"line":6,"column":null}},"line":4},"1":{"name":"(anonymous_1)","decl":{"start":{"line":5,"column":41},"end":{"line":5,"column":42}},"loc":{"start":{"line":5,"column":52},"end":{"line":5,"column":80}},"line":5},"2":{"name":"montaSaidaArquivo","decl":{"start":{"line":10,"column":9},"end":{"line":10,"column":26}},"loc":{"start":{"line":10,"column":56},"end":{"line":20,"column":null}},"line":10},"3":{"name":"(anonymous_3)","decl":{"start":{"line":12,"column":13},"end":{"line":12,"column":14}},"loc":{"start":{"line":12,"column":35},"end":{"line":17,"column":5}},"line":12},"4":{"name":"(anonymous_4)","decl":{"start":{"line":18,"column":16},"end":{"line":18,"column":17}},"loc":{"start":{"line":18,"column":27},"end":{"line":18,"column":41}},"line":18}},"branchMap":{"0":{"loc":{"start":{"line":4,"column":38},"end":{"line":4,"column":50}},"type":"default-arg","locations":[{"start":{"line":4,"column":49},"end":{"line":4,"column":50}}],"line":4},"1":{"loc":{"start":{"line":10,"column":42},"end":{"line":10,"column":54}},"type":"default-arg","locations":[{"start":{"line":10,"column":53},"end":{"line":10,"column":54}}],"line":10},"2":{"loc":{"start":{"line":14,"column":8},"end":{"line":15,"column":null}},"type":"if","locations":[{"start":{"line":14,"column":8},"end":{"line":15,"column":null}},{"start":{},"end":{}}],"line":14},"3":{"loc":{"start":{"line":19,"column":11},"end":{"line":19,"column":60}},"type":"cond-expr","locations":[{"start":{"line":19,"column":31},"end":{"line":19,"column":55}},{"start":{"line":19,"column":58},"end":{"line":19,"column":60}}],"line":19}},"s":{"0":7,"1":12,"2":4,"3":7,"4":7,"5":2,"6":5,"7":7,"8":4},"f":{"0":7,"1":12,"2":4,"3":7,"4":7},"b":{"0":[7],"1":[4],"2":[2,5],"3":[4,0]},"meta":{"lastBranch":4,"lastFunction":5,"lastStatement":9,"seen":{"f:4:9:4:26":0,"b:4:49:4:50":0,"s:5:4:5:Infinity":0,"f:5:41:5:42":1,"s:5:52:5:80":1,"f:10:9:10:26":2,"b:10:53:10:54":1,"s:11:19:18:42":2,"f:12:13:12:14":3,"s:13:27:13:76":3,"b:14:8:15:Infinity:undefined:undefined:undefined:undefined":2,"s:14:8:15:Infinity":4,"s:15:12:15:Infinity":5,"s:16:8:16:Infinity":6,"f:18:16:18:17":4,"s:18:27:18:41":7,"s:19:4:19:Infinity":8,"b:19:31:19:55:19:58:19:60":3}}}
,"/mnt/wsl/PHYSICALDRIVE1/Alura/PrimeiraBiblioteca/dist/src/index.js": {"path":"/mnt/wsl/PHYSICALDRIVE1/Alura/PrimeiraBiblioteca/dist/src/index.js","statementMap":{"0":{"start":{"line":5,"column":23},"end":{"line":5,"column":46}},"1":{"start":{"line":6,"column":21},"end":{"line":10,"column":6}},"2":{"start":{"line":7,"column":8},"end":{"line":8,"column":null}},"3":{"start":{"line":8,"column":12},"end":{"line":8,"column":null}},"4":{"start":{"line":9,"column":8},"end":{"line":9,"column":null}},"5":{"start":{"line":11,"column":4},"end":{"line":11,"column":null}},"6":{"start":{"line":17,"column":4},"end":{"line":20,"column":null}},"7":{"start":{"line":20,"column":31},"end":{"line":20,"column":54}},"8":{"start":{"line":26,"column":18},"end":{"line":26,"column":96}},"9":{"start":{"line":27,"column":4},"end":{"line":27,"column":null}},"10":{"start":{"line":33,"column":26},"end":{"line":33,"column":44}},"11":{"start":{"line":34,"column":22},"end":{"line":34,"column":24}},"12":{"start":{"line":35,"column":4},"end":{"line":42,"column":null}},"13":{"start":{"line":36,"column":29},"end":{"line":36,"column":51}},"14":{"start":{"line":37,"column":8},"end":{"line":38,"column":null}},"15":{"start":{"line":38,"column":12},"end":{"line":38,"column":null}},"16":{"start":{"line":39,"column":8},"end":{"line":40,"column":null}},"17":{"start":{"line":40,"column":12},"end":{"line":40,"column":null}},"18":{"start":{"line":41,"column":8},"end":{"line":41,"column":null}},"19":{"start":{"line":43,"column":4},"end":{"line":43,"column":null}}},"fnMap":{"0":{"name":"contaPalavras","decl":{"start":{"line":4,"column":16},"end":{"line":4,"column":29}},"loc":{"start":{"line":4,"column":51},"end":{"line":12,"column":null}},"line":4},"1":{"name":"(anonymous_1)","decl":{"start":{"line":6,"column":40},"end":{"line":6,"column":41}},"loc":{"start":{"line":6,"column":55},"end":{"line":10,"column":5}},"line":6},"2":{"name":"extraiParagrafos","decl":{"start":{"line":16,"column":16},"end":{"line":16,"column":32}},"loc":{"start":{"line":16,"column":40},"end":{"line":21,"column":null}},"line":16},"3":{"name":"(anonymous_3)","decl":{"start":{"line":20,"column":16},"end":{"line":20,"column":17}},"loc":{"start":{"line":20,"column":31},"end":{"line":20,"column":54}},"line":20},"4":{"name":"limpaPalavras","decl":{"start":{"line":25,"column":9},"end":{"line":25,"column":22}},"loc":{"start":{"line":25,"column":32},"end":{"line":28,"column":null}},"line":25},"5":{"name":"verificaPalavrasDuplicadas","decl":{"start":{"line":32,"column":9},"end":{"line":32,"column":35}},"loc":{"start":{"line":32,"column":53},"end":{"line":44,"column":null}},"line":32},"6":{"name":"(anonymous_6)","decl":{"start":{"line":35,"column":26},"end":{"line":35,"column":27}},"loc":{"start":{"line":35,"column":39},"end":{"line":42,"column":5}},"line":35}},"branchMap":{"0":{"loc":{"start":{"line":4,"column":37},"end":{"line":4,"column":49}},"type":"default-arg","locations":[{"start":{"line":4,"column":48},"end":{"line":4,"column":49}}],"line":4},"1":{"loc":{"start":{"line":7,"column":8},"end":{"line":8,"column":null}},"type":"if","locations":[{"start":{"line":7,"column":8},"end":{"line":8,"column":null}},{"start":{},"end":{}}],"line":7},"2":{"loc":{"start":{"line":37,"column":8},"end":{"line":38,"column":null}},"type":"if","locations":[{"start":{"line":37,"column":8},"end":{"line":38,"column":null}},{"start":{},"end":{}}],"line":37},"3":{"loc":{"start":{"line":39,"column":8},"end":{"line":40,"column":null}},"type":"if","locations":[{"start":{"line":39,"column":8},"end":{"line":40,"column":null}},{"start":{},"end":{}}],"line":39},"4":{"loc":{"start":{"line":41,"column":35},"end":{"line":41,"column":63}},"type":"binary-expr","locations":[{"start":{"line":41,"column":35},"end":{"line":41,"column":58}},{"start":{"line":41,"column":62},"end":{"line":41,"column":63}}],"line":41}},"s":{"0":4,"1":4,"2":5,"3":0,"4":5,"5":4,"6":4,"7":5,"8":22,"9":22,"10":5,"11":5,"12":5,"13":22,"14":22,"15":0,"16":22,"17":8,"18":14,"19":5},"f":{"0":4,"1":5,"2":4,"3":5,"4":22,"5":5,"6":22},"b":{"0":[4],"1":[0,5],"2":[0,22],"3":[8,14],"4":[14,13]},"meta":{"lastBranch":5,"lastFunction":7,"lastStatement":20,"seen":{"f:4:16:4:29":0,"b:4:48:4:49":0,"s:5:23:5:46":0,"s:6:21:10:6":1,"f:6:40:6:41":1,"b:7:8:8:Infinity:undefined:undefined:undefined:undefined":1,"s:7:8:8:Infinity":2,"s:8:12:8:Infinity":3,"s:9:8:9:Infinity":4,"s:11:4:11:Infinity":5,"f:16:16:16:32":2,"s:17:4:20:Infinity":6,"f:20:16:20:17":3,"s:20:31:20:54":7,"f:25:9:25:22":4,"s:26:18:26:96":8,"s:27:4:27:Infinity":9,"f:32:9:32:35":5,"s:33:26:33:44":10,"s:34:22:34:24":11,"s:35:4:42:Infinity":12,"f:35:26:35:27":6,"s:36:29:36:51":13,"b:37:8:38:Infinity:undefined:undefined:undefined:undefined":2,"s:37:8:38:Infinity":14,"s:38:12:38:Infinity":15,"b:39:8:40:Infinity:undefined:undefined:undefined:undefined":3,"s:39:8:40:Infinity":16,"s:40:12:40:Infinity":17,"s:41:8:41:Infinity":18,"b:41:35:41:58:41:62:41:63":4,"s:43:4:43:Infinity":19}}}
,"/mnt/wsl/PHYSICALDRIVE1/Alura/PrimeiraBiblioteca/dist/src/erros/funcoesErro.js": {"path":"/mnt/wsl/PHYSICALDRIVE1/Alura/PrimeiraBiblioteca/dist/src/erros/funcoesErro.js","statementMap":{"0":{"start":{"line":2,"column":4},"end":{"line":19,"column":null}},"1":{"start":{"line":3,"column":24},"end":{"line":10,"column":9}},"2":{"start":{"line":11,"column":25},"end":{"line":11,"column":70}},"3":{"start":{"line":12,"column":33},"end":{"line":12,"column":52}},"4":{"start":{"line":13,"column":8},"end":{"line":13,"column":44}},"5":{"start":{"line":14,"column":8},"end":{"line":14,"column":null}},"6":{"start":{"line":18,"column":8},"end":{"line":18,"column":null}}},"fnMap":{"0":{"name":"trataErros","decl":{"start":{"line":1,"column":24},"end":{"line":1,"column":34}},"loc":{"start":{"line":1,"column":41},"end":{"line":20,"column":null}},"line":1}},"branchMap":{"0":{"loc":{"start":{"line":2,"column":4},"end":{"line":19,"column":null}},"type":"if","locations":[{"start":{"line":2,"column":4},"end":{"line":19,"column":null}},{"start":{"line":16,"column":9},"end":{"line":19,"column":null}}],"line":2},"1":{"loc":{"start":{"line":11,"column":25},"end":{"line":11,"column":70}},"type":"binary-expr","locations":[{"start":{"line":11,"column":25},"end":{"line":11,"column":43}},{"start":{"line":11,"column":47},"end":{"line":11,"column":70}}],"line":11}},"s":{"0":12,"1":6,"2":6,"3":6,"4":6,"5":6,"6":6},"f":{"0":12},"b":{"0":[6,6],"1":[6,0]},"meta":{"lastBranch":2,"lastFunction":1,"lastStatement":7,"seen":{"f:1:24:1:34":0,"b:2:4:19:Infinity:16:9:19:Infinity":0,"s:2:4:19:Infinity":0,"s:3:24:10:9":1,"s:11:25:11:70":2,"b:11:25:11:43:11:47:11:70":1,"s:12:33:12:52":3,"s:13:8:13:44":4,"s:14:8:14:Infinity":5,"s:18:8:18:Infinity":6}}}
,"/mnt/wsl/PHYSICALDRIVE1/Alura/PrimeiraBiblioteca/src/cli.ts": {"path":"/mnt/wsl/PHYSICALDRIVE1/Alura/PrimeiraBiblioteca/src/cli.ts","statementMap":{"0":{"start":{"line":11,"column":17},"end":{"line":11,"column":36}},"1":{"start":{"line":13,"column":2},"end":{"line":17,"column":null}},"2":{"start":{"line":14,"column":4},"end":{"line":16,"column":null}},"3":{"start":{"line":17,"column":4},"end":{"line":17,"column":null}},"4":{"start":{"line":20,"column":2},"end":{"line":20,"column":null}},"5":{"start":{"line":24,"column":18},"end":{"line":24,"column":31}},"6":{"start":{"line":26,"column":2},"end":{"line":92,"column":null}},"7":{"start":{"line":54,"column":70},"end":{"line":54,"column":null}},"8":{"start":{"line":56,"column":8},"end":{"line":61,"column":null}},"9":{"start":{"line":57,"column":10},"end":{"line":59,"column":null}},"10":{"start":{"line":60,"column":10},"end":{"line":60,"column":null}},"11":{"start":{"line":61,"column":10},"end":{"line":61,"column":null}},"12":{"start":{"line":64,"column":31},"end":{"line":64,"column":79}},"13":{"start":{"line":65,"column":31},"end":{"line":65,"column":79}},"14":{"start":{"line":67,"column":25},"end":{"line":67,"column":44}},"15":{"start":{"line":68,"column":32},"end":{"line":68,"column":53}},"16":{"start":{"line":70,"column":8},"end":{"line":88,"column":null}},"17":{"start":{"line":71,"column":10},"end":{"line":71,"column":null}},"18":{"start":{"line":73,"column":10},"end":{"line":80,"column":null}},"19":{"start":{"line":81,"column":10},"end":{"line":82,"column":null}},"20":{"start":{"line":82,"column":12},"end":{"line":82,"column":null}},"21":{"start":{"line":85,"column":10},"end":{"line":88,"column":null}},"22":{"start":{"line":86,"column":12},"end":{"line":86,"column":null}},"23":{"start":{"line":88,"column":12},"end":{"line":88,"column":null}},"24":{"start":{"line":94,"column":2},"end":{"line":94,"column":null}},"25":{"start":{"line":97,"column":23},"end":{"line":97,"column":37}},"26":{"start":{"line":99,"column":0},"end":{"line":100,"column":null}},"27":{"start":{"line":100,"column":2},"end":{"line":100,"column":null}},"28":{"start":{"line":108,"column":2},"end":{"line":109,"column":null}},"29":{"start":{"line":109,"column":4},"end":{"line":109,"column":null}},"30":{"start":{"line":112,"column":2},"end":{"line":115,"column":null}},"31":{"start":{"line":113,"column":4},"end":{"line":113,"column":null}},"32":{"start":{"line":115,"column":4},"end":{"line":115,"column":null}},"33":{"start":{"line":118,"column":20},"end":{"line":118,"column":52}},"34":{"start":{"line":119,"column":2},"end":{"line":120,"column":null}},"35":{"start":{"line":120,"column":4},"end":{"line":120,"column":null}},"36":{"start":{"line":123,"column":2},"end":{"line":126,"column":null}},"37":{"start":{"line":124,"column":4},"end":{"line":124,"column":null}},"38":{"start":{"line":126,"column":4},"end":{"line":126,"column":null}},"39":{"start":{"line":129,"column":27},"end":{"line":129,"column":66}},"40":{"start":{"line":130,"column":2},"end":{"line":131,"column":null}},"41":{"start":{"line":131,"column":4},"end":{"line":131,"column":null}},"42":{"start":{"line":143,"column":18},"end":{"line":143,"column":59}},"43":{"start":{"line":144,"column":8},"end":{"line":144,"column":46}},"44":{"start":{"line":145,"column":2},"end":{"line":145,"column":null}},"45":{"start":{"line":155,"column":18},"end":{"line":155,"column":52}},"46":{"start":{"line":156,"column":8},"end":{"line":156,"column":58}},"47":{"start":{"line":158,"column":2},"end":{"line":158,"column":null}},"48":{"start":{"line":159,"column":2},"end":{"line":160,"column":null}},"49":{"start":{"line":160,"column":4},"end":{"line":160,"column":null}}},"fnMap":{"0":{"name":"validatePositiveInteger","decl":{"start":{"line":10,"column":16},"end":{"line":10,"column":40}},"loc":{"start":{"line":10,"column":77},"end":{"line":20,"column":null}},"line":10},"1":{"name":"buildProgram","decl":{"start":{"line":23,"column":16},"end":{"line":23,"column":40}},"loc":{"start":{"line":23,"column":40},"end":{"line":94,"column":null}},"line":23},"2":{"name":"(anonymous_2)","decl":{"start":{"line":46,"column":6},"end":{"line":46,"column":13}},"loc":{"start":{"line":53,"column":12},"end":{"line":92,"column":null}},"line":53},"3":{"name":"validateInput","decl":{"start":{"line":103,"column":22},"end":{"line":103,"column":null}},"loc":{"start":{"line":107,"column":17},"end":{"line":131,"column":null}},"line":107},"4":{"name":"processFile","decl":{"start":{"line":135,"column":22},"end":{"line":135,"column":null}},"loc":{"start":{"line":142,"column":17},"end":{"line":145,"column":null}},"line":142},"5":{"name":"createAndSaveFile","decl":{"start":{"line":148,"column":22},"end":{"line":148,"column":null}},"loc":{"start":{"line":154,"column":17},"end":{"line":160,"column":null}},"line":154}},"branchMap":{"0":{"loc":{"start":{"line":13,"column":2},"end":{"line":17,"column":null}},"type":"if","locations":[{"start":{"line":13,"column":2},"end":{"line":17,"column":null}},{"start":{},"end":{}}],"line":13},"1":{"loc":{"start":{"line":13,"column":6},"end":{"line":13,"column":43}},"type":"binary-expr","locations":[{"start":{"line":13,"column":6},"end":{"line":13,"column":26}},{"start":{"line":13,"column":30},"end":{"line":13,"column":43}}],"line":13},"2":{"loc":{"start":{"line":56,"column":8},"end":{"line":61,"column":null}},"type":"if","locations":[{"start":{"line":56,"column":8},"end":{"line":61,"column":null}},{"start":{},"end":{}}],"line":56},"3":{"loc":{"start":{"line":56,"column":12},"end":{"line":56,"column":32}},"type":"binary-expr","locations":[{"start":{"line":56,"column":12},"end":{"line":56,"column":22}},{"start":{"line":56,"column":22},"end":{"line":56,"column":32}}],"line":56},"4":{"loc":{"start":{"line":81,"column":10},"end":{"line":82,"column":null}},"type":"if","locations":[{"start":{"line":81,"column":10},"end":{"line":82,"column":null}},{"start":{},"end":{}}],"line":81},"5":{"loc":{"start":{"line":99,"column":0},"end":{"line":100,"column":null}},"type":"if","locations":[{"start":{"line":99,"column":0},"end":{"line":100,"column":null}},{"start":{},"end":{}}],"line":99},"6":{"loc":{"start":{"line":108,"column":2},"end":{"line":109,"column":null}},"type":"if","locations":[{"start":{"line":108,"column":2},"end":{"line":109,"column":null}},{"start":{},"end":{}}],"line":108},"7":{"loc":{"start":{"line":119,"column":2},"end":{"line":120,"column":null}},"type":"if","locations":[{"start":{"line":119,"column":2},"end":{"line":120,"column":null}},{"start":{},"end":{}}],"line":119},"8":{"loc":{"start":{"line":130,"column":2},"end":{"line":131,"column":null}},"type":"if","locations":[{"start":{"line":130,"column":2},"end":{"line":131,"column":null}},{"start":{},"end":{}}],"line":130},"9":{"loc":{"start":{"line":152,"column":2},"end":{"line":152,"column":null}},"type":"default-arg","locations":[{"start":{"line":152,"column":23},"end":{"line":152,"column":null}}],"line":152},"10":{"loc":{"start":{"line":159,"column":2},"end":{"line":160,"column":null}},"type":"if","locations":[{"start":{"line":159,"column":2},"end":{"line":160,"column":null}},{"start":{},"end":{}}],"line":159}},"s":{"0":12,"1":12,"2":0,"3":0,"4":12,"5":8,"6":8,"7":7,"8":7,"9":1,"10":1,"11":1,"12":6,"13":6,"14":6,"15":6,"16":6,"17":6,"18":1,"19":1,"20":1,"21":5,"22":5,"23":5,"24":8,"25":1,"26":1,"27":0,"28":11,"29":2,"30":9,"31":9,"32":2,"33":7,"34":7,"35":2,"36":5,"37":5,"38":2,"39":3,"40":3,"41":2,"42":9,"43":9,"44":9,"45":9,"46":9,"47":9,"48":9,"49":7},"f":{"0":12,"1":8,"2":7,"3":11,"4":9,"5":9},"b":{"0":[0,12],"1":[12,12],"2":[1,6],"3":[7,6],"4":[1,0],"5":[0,1],"6":[2,9],"7":[2,5],"8":[2,1],"9":[9],"10":[7,2]},"meta":{"lastBranch":11,"lastFunction":6,"lastStatement":50,"seen":{"f:10:16:10:40":0,"s:11:17:11:36":0,"b:13:2:17:Infinity:undefined:undefined:undefined:undefined":0,"s:13:2:17:Infinity":1,"b:13:6:13:26:13:30:13:43":1,"s:14:4:16:Infinity":2,"s:17:4:17:Infinity":3,"s:20:2:20:Infinity":4,"f:23:16:23:40":1,"s:24:18:24:31":5,"s:26:2:92:Infinity":6,"f:46:6:46:13":2,"s:54:70:54:Infinity":7,"b:56:8:61:Infinity:undefined:undefined:undefined:undefined":2,"s:56:8:61:Infinity":8,"b:56:12:56:22:56:22:56:32":3,"s:57:10:59:Infinity":9,"s:60:10:60:Infinity":10,"s:61:10:61:Infinity":11,"s:64:31:64:79":12,"s:65:31:65:79":13,"s:67:25:67:44":14,"s:68:32:68:53":15,"s:70:8:88:Infinity":16,"s:71:10:71:Infinity":17,"s:73:10:80:Infinity":18,"b:81:10:82:Infinity:undefined:undefined:undefined:undefined":4,"s:81:10:82:Infinity":19,"s:82:12:82:Infinity":20,"s:85:10:88:Infinity":21,"s:86:12:86:Infinity":22,"s:88:12:88:Infinity":23,"s:94:2:94:Infinity":24,"s:97:23:97:37":25,"b:99:0:100:Infinity:undefined:undefined:undefined:undefined":5,"s:99:0:100:Infinity":26,"s:100:2:100:Infinity":27,"f:103:22:103:Infinity":3,"b:108:2:109:Infinity:undefined:undefined:undefined:undefined":6,"s:108:2:109:Infinity":28,"s:109:4:109:Infinity":29,"s:112:2:115:Infinity":30,"s:113:4:113:Infinity":31,"s:115:4:115:Infinity":32,"s:118:20:118:52":33,"b:119:2:120:Infinity:undefined:undefined:undefined:undefined":7,"s:119:2:120:Infinity":34,"s:120:4:120:Infinity":35,"s:123:2:126:Infinity":36,"s:124:4:124:Infinity":37,"s:126:4:126:Infinity":38,"s:129:27:129:66":39,"b:130:2:131:Infinity:undefined:undefined:undefined:undefined":8,"s:130:2:131:Infinity":40,"s:131:4:131:Infinity":41,"f:135:22:135:Infinity":4,"s:143:18:143:59":42,"s:144:8:144:46":43,"s:145:2:145:Infinity":44,"f:148:22:148:Infinity":5,"b:152:23:152:Infinity":9,"s:155:18:155:52":45,"s:156:8:156:58":46,"s:158:2:158:Infinity":47,"b:159:2:160:Infinity:undefined:undefined:undefined:undefined":10,"s:159:2:160:Infinity":48,"s:160:4:160:Infinity":49}}}
,"/mnt/wsl/PHYSICALDRIVE1/Alura/PrimeiraBiblioteca/src/helpers.ts": {"path":"/mnt/wsl/PHYSICALDRIVE1/Alura/PrimeiraBiblioteca/src/helpers.ts","statementMap":{"0":{"start":{"line":8,"column":2},"end":{"line":8,"column":null}},"1":{"start":{"line":8,"column":48},"end":{"line":8,"column":75}},"2":{"start":{"line":18,"column":16},"end":{"line":24,"column":52}},"3":{"start":{"line":20,"column":23},"end":{"line":20,"column":72}},"4":{"start":{"line":21,"column":6},"end":{"line":21,"column":null}},"5":{"start":{"line":21,"column":21},"end":{"line":21,"column":null}},"6":{"start":{"line":22,"column":6},"end":{"line":22,"column":null}},"7":{"start":{"line":24,"column":38},"end":{"line":24,"column":52}},"8":{"start":{"line":26,"column":2},"end":{"line":26,"column":null}}},"fnMap":{"0":{"name":"filterOccurrences","decl":{"start":{"line":4,"column":9},"end":{"line":4,"column":null}},"loc":{"start":{"line":7,"column":12},"end":{"line":8,"column":null}},"line":7},"1":{"name":"(anonymous_1)","decl":{"start":{"line":8,"column":32},"end":{"line":8,"column":40}},"loc":{"start":{"line":8,"column":48},"end":{"line":8,"column":75}},"line":8},"2":{"name":"buildOutputFormat","decl":{"start":{"line":14,"column":9},"end":{"line":14,"column":null}},"loc":{"start":{"line":17,"column":10},"end":{"line":26,"column":null}},"line":17},"3":{"name":"(anonymous_3)","decl":{"start":{"line":19,"column":5},"end":{"line":19,"column":10}},"loc":{"start":{"line":19,"column":31},"end":{"line":23,"column":null}},"line":19},"4":{"name":"(anonymous_4)","decl":{"start":{"line":24,"column":5},"end":{"line":24,"column":13}},"loc":{"start":{"line":24,"column":38},"end":{"line":24,"column":52}},"line":24}},"branchMap":{"0":{"loc":{"start":{"line":6,"column":2},"end":{"line":6,"column":null}},"type":"default-arg","locations":[{"start":{"line":6,"column":21},"end":{"line":6,"column":null}}],"line":6},"1":{"loc":{"start":{"line":16,"column":2},"end":{"line":16,"column":null}},"type":"default-arg","locations":[{"start":{"line":16,"column":21},"end":{"line":16,"column":null}}],"line":16},"2":{"loc":{"start":{"line":21,"column":6},"end":{"line":21,"column":null}},"type":"if","locations":[{"start":{"line":21,"column":6},"end":{"line":21,"column":null}},{"start":{},"end":{}}],"line":21},"3":{"loc":{"start":{"line":26,"column":9},"end":{"line":26,"column":null}},"type":"cond-expr","locations":[{"start":{"line":26,"column":28},"end":{"line":26,"column":54}},{"start":{"line":26,"column":54},"end":{"line":26,"column":null}}],"line":26}},"s":{"0":22,"1":51,"2":12,"3":22,"4":22,"5":7,"6":15,"7":22,"8":12},"f":{"0":22,"1":51,"2":12,"3":22,"4":22},"b":{"0":[22],"1":[12],"2":[7,15],"3":[11,1]},"meta":{"lastBranch":4,"lastFunction":5,"lastStatement":9,"seen":{"f:4:9:4:Infinity":0,"b:6:21:6:Infinity":0,"s:8:2:8:Infinity":0,"f:8:32:8:40":1,"s:8:48:8:75":1,"f:14:9:14:Infinity":2,"b:16:21:16:Infinity":1,"s:18:16:24:52":2,"f:19:5:19:10":3,"s:20:23:20:72":3,"b:21:6:21:Infinity:undefined:undefined:undefined:undefined":2,"s:21:6:21:Infinity":4,"s:21:21:21:Infinity":5,"s:22:6:22:Infinity":6,"f:24:5:24:13":4,"s:24:38:24:52":7,"s:26:2:26:Infinity":8,"b:26:28:26:54:26:54:26:Infinity":3}}}
,"/mnt/wsl/PHYSICALDRIVE1/Alura/PrimeiraBiblioteca/src/index.ts": {"path":"/mnt/wsl/PHYSICALDRIVE1/Alura/PrimeiraBiblioteca/src/index.ts","statementMap":{"0":{"start":{"line":12,"column":21},"end":{"line":12,"column":44}},"1":{"start":{"line":13,"column":16},"end":{"line":17,"column":null}},"2":{"start":{"line":14,"column":4},"end":{"line":14,"column":null}},"3":{"start":{"line":14,"column":20},"end":{"line":14,"column":null}},"4":{"start":{"line":16,"column":4},"end":{"line":16,"column":null}},"5":{"start":{"line":19,"column":2},"end":{"line":19,"column":null}},"6":{"start":{"line":26,"column":2},"end":{"line":29,"column":null}},"7":{"start":{"line":29,"column":27},"end":{"line":29,"column":51}},"8":{"start":{"line":37,"column":4},"end":{"line":37,"column":null}},"9":{"start":{"line":38,"column":2},"end":{"line":38,"column":null}},"10":{"start":{"line":45,"column":19},"end":{"line":45,"column":36}},"11":{"start":{"line":46,"column":31},"end":{"line":46,"column":33}},"12":{"start":{"line":48,"column":2},"end":{"line":54,"column":null}},"13":{"start":{"line":49,"column":24},"end":{"line":49,"column":39}},"14":{"start":{"line":50,"column":4},"end":{"line":50,"column":null}},"15":{"start":{"line":50,"column":22},"end":{"line":50,"column":null}},"16":{"start":{"line":51,"column":4},"end":{"line":51,"column":null}},"17":{"start":{"line":51,"column":39},"end":{"line":51,"column":null}},"18":{"start":{"line":53,"column":4},"end":{"line":53,"column":null}},"19":{"start":{"line":56,"column":2},"end":{"line":56,"column":null}}},"fnMap":{"0":{"name":"countWords","decl":{"start":{"line":11,"column":16},"end":{"line":11,"column":27}},"loc":{"start":{"line":11,"column":79},"end":{"line":19,"column":null}},"line":11},"1":{"name":"(anonymous_1)","decl":{"start":{"line":13,"column":27},"end":{"line":13,"column":36}},"loc":{"start":{"line":13,"column":66},"end":{"line":17,"column":null}},"line":13},"2":{"name":"extractParagraphs","decl":{"start":{"line":25,"column":16},"end":{"line":25,"column":34}},"loc":{"start":{"line":25,"column":58},"end":{"line":29,"column":null}},"line":25},"3":{"name":"(anonymous_3)","decl":{"start":{"line":29,"column":5},"end":{"line":29,"column":13}},"loc":{"start":{"line":29,"column":27},"end":{"line":29,"column":51}},"line":29},"4":{"name":"cleanWord","decl":{"start":{"line":35,"column":9},"end":{"line":35,"column":19}},"loc":{"start":{"line":35,"column":41},"end":{"line":38,"column":null}},"line":35},"5":{"name":"analyzeWordFrequency","decl":{"start":{"line":44,"column":9},"end":{"line":44,"column":30}},"loc":{"start":{"line":44,"column":76},"end":{"line":56,"column":null}},"line":44},"6":{"name":"(anonymous_6)","decl":{"start":{"line":48,"column":11},"end":{"line":48,"column":20}},"loc":{"start":{"line":48,"column":29},"end":{"line":54,"column":null}},"line":48}},"branchMap":{"0":{"loc":{"start":{"line":11,"column":41},"end":{"line":11,"column":79}},"type":"default-arg","locations":[{"start":{"line":11,"column":60},"end":{"line":11,"column":79}}],"line":11},"1":{"loc":{"start":{"line":14,"column":4},"end":{"line":14,"column":null}},"type":"if","locations":[{"start":{"line":14,"column":4},"end":{"line":14,"column":null}},{"start":{},"end":{}}],"line":14},"2":{"loc":{"start":{"line":50,"column":4},"end":{"line":50,"column":null}},"type":"if","locations":[{"start":{"line":50,"column":4},"end":{"line":50,"column":null}},{"start":{},"end":{}}],"line":50},"3":{"loc":{"start":{"line":51,"column":4},"end":{"line":51,"column":null}},"type":"if","locations":[{"start":{"line":51,"column":4},"end":{"line":51,"column":null}},{"start":{},"end":{}}],"line":51},"4":{"loc":{"start":{"line":53,"column":27},"end":{"line":53,"column":55}},"type":"binary-expr","locations":[{"start":{"line":53,"column":27},"end":{"line":53,"column":50}},{"start":{"line":53,"column":50},"end":{"line":53,"column":55}}],"line":53}},"s":{"0":29,"1":29,"2":44,"3":0,"4":44,"5":29,"6":29,"7":50,"8":131,"9":131,"10":44,"11":44,"12":44,"13":131,"14":131,"15":7,"16":124,"17":17,"18":107,"19":44},"f":{"0":29,"1":44,"2":29,"3":50,"4":131,"5":44,"6":131},"b":{"0":[29],"1":[0,44],"2":[7,124],"3":[17,107],"4":[107,95]},"meta":{"lastBranch":5,"lastFunction":7,"lastStatement":20,"seen":{"f:11:16:11:27":0,"b:11:60:11:79":0,"s:12:21:12:44":0,"s:13:16:17:Infinity":1,"f:13:27:13:36":1,"b:14:4:14:Infinity:undefined:undefined:undefined:undefined":1,"s:14:4:14:Infinity":2,"s:14:20:14:Infinity":3,"s:16:4:16:Infinity":4,"s:19:2:19:Infinity":5,"f:25:16:25:34":2,"s:26:2:29:Infinity":6,"f:29:5:29:13":3,"s:29:27:29:51":7,"f:35:9:35:19":4,"s:37:4:37:Infinity":8,"s:38:2:38:Infinity":9,"f:44:9:44:30":5,"s:45:19:45:36":10,"s:46:31:46:33":11,"s:48:2:54:Infinity":12,"f:48:11:48:20":6,"s:49:24:49:39":13,"b:50:4:50:Infinity:undefined:undefined:undefined:undefined":2,"s:50:4:50:Infinity":14,"s:50:22:50:Infinity":15,"b:51:4:51:Infinity:undefined:undefined:undefined:undefined":3,"s:51:4:51:Infinity":16,"s:51:39:51:Infinity":17,"s:53:4:53:Infinity":18,"b:53:27:53:50:53:50:53:55":4,"s:56:2:56:Infinity":19}}}
,"/mnt/wsl/PHYSICALDRIVE1/Alura/PrimeiraBiblioteca/src/erros/funcoesErro.ts": {"path":"/mnt/wsl/PHYSICALDRIVE1/Alura/PrimeiraBiblioteca/src/erros/funcoesErro.ts","statementMap":{"0":{"start":{"line":10,"column":2},"end":{"line":26,"column":null}},"1":{"start":{"line":11,"column":44},"end":{"line":18,"column":null}},"2":{"start":{"line":20,"column":21},"end":{"line":20,"column":null}},"3":{"start":{"line":21,"column":29},"end":{"line":21,"column":48}},"4":{"start":{"line":22,"column":4},"end":{"line":22,"column":null}},"5":{"start":{"line":23,"column":4},"end":{"line":23,"column":null}},"6":{"start":{"line":26,"column":4},"end":{"line":26,"column":null}}},"fnMap":{"0":{"name":"trataErros","decl":{"start":{"line":9,"column":24},"end":{"line":9,"column":35}},"loc":{"start":{"line":9,"column":63},"end":{"line":26,"column":null}},"line":9}},"branchMap":{"0":{"loc":{"start":{"line":10,"column":2},"end":{"line":26,"column":null}},"type":"if","locations":[{"start":{"line":10,"column":2},"end":{"line":26,"column":null}},{"start":{"line":24,"column":9},"end":{"line":26,"column":null}}],"line":10},"1":{"loc":{"start":{"line":20,"column":21},"end":{"line":20,"column":null}},"type":"binary-expr","locations":[{"start":{"line":20,"column":21},"end":{"line":20,"column":43}},{"start":{"line":20,"column":43},"end":{"line":20,"column":null}}],"line":20}},"s":{"0":14,"1":8,"2":8,"3":8,"4":8,"5":8,"6":6},"f":{"0":14},"b":{"0":[8,6],"1":[8,1]},"meta":{"lastBranch":2,"lastFunction":1,"lastStatement":7,"seen":{"f:9:24:9:35":0,"b:10:2:26:Infinity:24:9:26:Infinity":0,"s:10:2:26:Infinity":0,"s:11:44:18:Infinity":1,"s:20:21:20:Infinity":2,"b:20:21:20:43:20:43:20:Infinity":1,"s:21:29:21:48":3,"s:22:4:22:Infinity":4,"s:23:4:23:Infinity":5,"s:26:4:26:Infinity":6}}}
}
